#
# There is insufficient memory for the Java Runtime Environment to continue.
# Native memory allocation (malloc) failed to allocate 77808 bytes for Chunk::new
# Possible reasons:
#   The system is out of physical RAM or swap space
#   The process is running with CompressedOops enabled, and the Java Heap may be blocking the growth of the native heap
# Possible solutions:
#   Reduce memory load on the system
#   Increase physical memory or swap space
#   Check if swap backing store is full
#   Decrease Java heap size (-Xmx/-Xms)
#   Decrease number of Java threads
#   Decrease Java thread stack sizes (-Xss)
#   Set larger code cache with -XX:ReservedCodeCacheSize=
#   JVM is running with Unscaled Compressed Oops mode in which the Java heap is
#     placed in the first 4GB address space. The Java Heap base address is the
#     maximum limit for the native heap growth. Please use -XX:HeapBaseMinAddress
#     to set the Java Heap base and to place the Java Heap above 4GB virtual address.
# This output file may be truncated or incomplete.
#
#  Out of Memory Error (arena.cpp:189), pid=24104, tid=14716
#
# JRE version: OpenJDK Runtime Environment Temurin-17.0.7+7 (17.0.7+7) (build 17.0.7+7)
# Java VM: OpenJDK 64-Bit Server VM Temurin-17.0.7+7 (17.0.7+7, mixed mode, tiered, compressed oops, compressed class ptrs, parallel gc, windows-amd64)
# No core dump will be written. Minidumps are not enabled by default on client versions of Windows
#

---------------  S U M M A R Y ------------

Command Line: --add-modules=ALL-SYSTEM --add-opens=java.base/java.util=ALL-UNNAMED --add-opens=java.base/java.lang=ALL-UNNAMED --add-opens=java.base/sun.nio.fs=ALL-UNNAMED -Declipse.application=org.eclipse.jdt.ls.core.id1 -Dosgi.bundles.defaultStartLevel=4 -Declipse.product=org.eclipse.jdt.ls.core.product -Djava.import.generatesMetadataFilesAtProjectRoot=false -Dfile.encoding=utf8 -XX:+UseParallelGC -XX:GCTimeRatio=4 -XX:AdaptiveSizePolicyWeight=90 -Dsun.zip.disableMemoryMapping=true -Xmx1G -Xms100m -Xlog:disable -javaagent:c:\Users\alyca\.vscode\extensions\redhat.java-1.18.0-win32-x64\lombok\lombok-1.18.27.jar c:\Users\alyca\.vscode\extensions\redhat.java-1.18.0-win32-x64\server\plugins\org.eclipse.equinox.launcher_1.6.400.v20210924-0641.jar -configuration c:\Users\alyca\AppData\Roaming\Code\User\globalStorage\redhat.java\1.18.0\config_ss_win -data c:\Users\alyca\AppData\Roaming\Code\User\workspaceStorage\b90bf933d17b3ed72f750bd4ea690101\redhat.java\ss_ws

Host: AMD Ryzen 5 5500U with Radeon Graphics         , 12 cores, 15G,  Windows 11 , 64 bit Build 22621 (10.0.22621.1635)
Time: Wed May 24 10:47:29 2023 Malay Peninsula Standard Time elapsed time: 19.622475 seconds (0d 0h 0m 19s)

---------------  T H R E A D  ---------------

Current thread (0x000001a61a730700):  JavaThread "C2 CompilerThread1" daemon [_thread_in_native, id=14716, stack(0x00000039a7400000,0x00000039a7500000)]


Current CompileTask:
C2:  19622 3209       4       java.util.HashMap::put (13 bytes)

Stack: [0x00000039a7400000,0x00000039a7500000]
Native frames: (J=compiled Java code, j=interpreted, Vv=VM code, C=native code)
V  [jvm.dll+0x67754a]
V  [jvm.dll+0x834304]
V  [jvm.dll+0x835aae]
V  [jvm.dll+0x836113]
V  [jvm.dll+0x24696f]
V  [jvm.dll+0xac0ac]
V  [jvm.dll+0xac67c]
V  [jvm.dll+0x364e37]
V  [jvm.dll+0x1bcc02]
V  [jvm.dll+0x219799]
V  [jvm.dll+0x218a61]
V  [jvm.dll+0x1a4d8d]
V  [jvm.dll+0x2284da]
V  [jvm.dll+0x226615]
V  [jvm.dll+0x7ea90b]
V  [jvm.dll+0x7e4e7a]
V  [jvm.dll+0x676395]
C  [ucrtbase.dll+0x29363]
C  [KERNEL32.DLL+0x126ad]
C  [ntdll.dll+0x5a9f8]


---------------  P R O C E S S  ---------------

Threads class SMR info:
_java_thread_list=0x000001a61b4b92e0, length=27, elements={
0x000001a67e7ba280, 0x000001a67e878400, 0x000001a67e879a10, 0x000001a67ea79c30,
0x000001a67ea7b860, 0x000001a67ea7cbb0, 0x000001a67ea7d760, 0x000001a67ea7e5f0,
0x000001a618e95b60, 0x000001a618eb0140, 0x000001a618efc190, 0x000001a6191c7a10,
0x000001a61ad88060, 0x000001a61ad95840, 0x000001a61aa67470, 0x000001a61add2e10,
0x000001a61b0e39a0, 0x000001a61b016d40, 0x000001a61b015ed0, 0x000001a61b017210,
0x000001a61b015a00, 0x000001a61b018a20, 0x000001a61b015530, 0x000001a61b0163a0,
0x000001a61b016870, 0x000001a61a730700, 0x000001a61b0176e0
}

Java Threads: ( => current thread )
  0x000001a67e7ba280 JavaThread "main" [_thread_blocked, id=13220, stack(0x00000039a4f00000,0x00000039a5000000)]
  0x000001a67e878400 JavaThread "Reference Handler" daemon [_thread_blocked, id=30064, stack(0x00000039a5200000,0x00000039a5300000)]
  0x000001a67e879a10 JavaThread "Finalizer" daemon [_thread_blocked, id=20712, stack(0x00000039a5300000,0x00000039a5400000)]
  0x000001a67ea79c30 JavaThread "Signal Dispatcher" daemon [_thread_blocked, id=30212, stack(0x00000039a5400000,0x00000039a5500000)]
  0x000001a67ea7b860 JavaThread "Attach Listener" daemon [_thread_blocked, id=10340, stack(0x00000039a5500000,0x00000039a5600000)]
  0x000001a67ea7cbb0 JavaThread "Service Thread" daemon [_thread_blocked, id=33332, stack(0x00000039a5600000,0x00000039a5700000)]
  0x000001a67ea7d760 JavaThread "Monitor Deflation Thread" daemon [_thread_blocked, id=16516, stack(0x00000039a5700000,0x00000039a5800000)]
  0x000001a67ea7e5f0 JavaThread "C2 CompilerThread0" daemon [_thread_in_native, id=30336, stack(0x00000039a5800000,0x00000039a5900000)]
  0x000001a618e95b60 JavaThread "C1 CompilerThread0" daemon [_thread_blocked, id=26100, stack(0x00000039a5900000,0x00000039a5a00000)]
  0x000001a618eb0140 JavaThread "Sweeper thread" daemon [_thread_blocked, id=26236, stack(0x00000039a5a00000,0x00000039a5b00000)]
  0x000001a618efc190 JavaThread "Common-Cleaner" daemon [_thread_blocked, id=29768, stack(0x00000039a5b00000,0x00000039a5c00000)]
  0x000001a6191c7a10 JavaThread "Notification Thread" daemon [_thread_blocked, id=21528, stack(0x00000039a5c00000,0x00000039a5d00000)]
  0x000001a61ad88060 JavaThread "Active Thread: Equinox Container: 76d20849-0223-46ab-b3da-73a5cedc18a4" [_thread_blocked, id=13140, stack(0x00000039a6400000,0x00000039a6500000)]
  0x000001a61ad95840 JavaThread "Framework Event Dispatcher: Equinox Container: 76d20849-0223-46ab-b3da-73a5cedc18a4" daemon [_thread_blocked, id=13556, stack(0x00000039a6500000,0x00000039a6600000)]
  0x000001a61aa67470 JavaThread "Start Level: Equinox Container: 76d20849-0223-46ab-b3da-73a5cedc18a4" daemon [_thread_blocked, id=20212, stack(0x00000039a6600000,0x00000039a6700000)]
  0x000001a61add2e10 JavaThread "SCR Component Actor" daemon [_thread_blocked, id=13752, stack(0x00000039a6700000,0x00000039a6800000)]
  0x000001a61b0e39a0 JavaThread "Worker-JM" [_thread_blocked, id=27136, stack(0x00000039a6a00000,0x00000039a6b00000)]
  0x000001a61b016d40 JavaThread "Worker-0" [_thread_blocked, id=14948, stack(0x00000039a6d00000,0x00000039a6e00000)]
  0x000001a61b015ed0 JavaThread "Worker-1" [_thread_blocked, id=25552, stack(0x00000039a6e00000,0x00000039a6f00000)]
  0x000001a61b017210 JavaThread "JNA Cleaner" daemon [_thread_blocked, id=23504, stack(0x00000039a6f00000,0x00000039a7000000)]
  0x000001a61b015a00 JavaThread "pool-2-thread-1" [_thread_blocked, id=13812, stack(0x00000039a7000000,0x00000039a7100000)]
  0x000001a61b018a20 JavaThread "pool-1-thread-1" [_thread_blocked, id=16688, stack(0x00000039a7100000,0x00000039a7200000)]
  0x000001a61b015530 JavaThread "ForkJoinPool.commonPool-worker-1" daemon [_thread_blocked, id=25492, stack(0x00000039a6900000,0x00000039a6a00000)]
  0x000001a61b0163a0 JavaThread "pool-3-thread-1" [_thread_blocked, id=32124, stack(0x00000039a7200000,0x00000039a7300000)]
  0x000001a61b016870 JavaThread "Framework stop - Equinox Container: 76d20849-0223-46ab-b3da-73a5cedc18a4" [_thread_in_vm, id=8888, stack(0x00000039a7300000,0x00000039a7400000)]
=>0x000001a61a730700 JavaThread "C2 CompilerThread1" daemon [_thread_in_native, id=14716, stack(0x00000039a7400000,0x00000039a7500000)]
  0x000001a61b0176e0 JavaThread "SCR Component Registry" daemon [_thread_blocked, id=30416, stack(0x00000039a7500000,0x00000039a7600000)]

Other Threads:
  0x000001a67e844710 VMThread "VM Thread" [stack: 0x00000039a5100000,0x00000039a5200000] [id=27980]
  0x000001a619173a80 WatcherThread [stack: 0x00000039a5d00000,0x00000039a5e00000] [id=13176]
  0x000001a67e7cf5d0 GCTaskThread "GC Thread#0" [stack: 0x00000039a5000000,0x00000039a5100000] [id=16064]
  0x000001a61aa3f700 GCTaskThread "GC Thread#1" [stack: 0x00000039a5e00000,0x00000039a5f00000] [id=30276]
  0x000001a61aa3f9b0 GCTaskThread "GC Thread#2" [stack: 0x00000039a5f00000,0x00000039a6000000] [id=16476]
  0x000001a61a4ff150 GCTaskThread "GC Thread#3" [stack: 0x00000039a6000000,0x00000039a6100000] [id=17036]
  0x000001a61a4ff400 GCTaskThread "GC Thread#4" [stack: 0x00000039a6100000,0x00000039a6200000] [id=12676]
  0x000001a61a4ff6b0 GCTaskThread "GC Thread#5" [stack: 0x00000039a6200000,0x00000039a6300000] [id=11100]
  0x000001a61a4ff960 GCTaskThread "GC Thread#6" [stack: 0x00000039a6300000,0x00000039a6400000] [id=24980]
  0x000001a61a568a50 GCTaskThread "GC Thread#7" [stack: 0x00000039a6800000,0x00000039a6900000] [id=33656]
  0x000001a61b120880 GCTaskThread "GC Thread#8" [stack: 0x00000039a6b00000,0x00000039a6c00000] [id=6728]
  0x000001a61b120b30 GCTaskThread "GC Thread#9" [stack: 0x00000039a6c00000,0x00000039a6d00000] [id=17716]

Threads with active compile tasks:
C2 CompilerThread0    19646 3213       4       java.io.WinNTFileSystem::normalize (143 bytes)
C2 CompilerThread1    19647 3209       4       java.util.HashMap::put (13 bytes)

VM state: not at safepoint (normal execution)

VM Mutex/Monitor currently owned by a thread: None

Heap address: 0x00000000c0000000, size: 1024 MB, Compressed Oops mode: 32-bit

CDS archive(s) not mapped
Compressed class space mapped at: 0x0000000100000000-0x0000000140000000, reserved size: 1073741824
Narrow klass base: 0x0000000000000000, Narrow klass shift: 3, Narrow klass range: 0x140000000

GC Precious Log:
 CPUs: 12 total, 12 available
 Memory: 15706M
 Large Page Support: Disabled
 NUMA Support: Disabled
 Compressed Oops: Enabled (32-bit)
 Alignments: Space 512K, Generation 512K, Heap 2M
 Heap Min Capacity: 100M
 Heap Initial Capacity: 100M
 Heap Max Capacity: 1G
 Pre-touch: Disabled
 Parallel Workers: 10

Heap:
 PSYoungGen      total 27648K, used 3574K [0x00000000eab00000, 0x00000000ecc00000, 0x0000000100000000)
  eden space 21504K, 16% used [0x00000000eab00000,0x00000000eae7d960,0x00000000ec000000)
  from space 6144K, 0% used [0x00000000ec000000,0x00000000ec000000,0x00000000ec600000)
  to   space 5120K, 0% used [0x00000000ec700000,0x00000000ec700000,0x00000000ecc00000)
 ParOldGen       total 68608K, used 14432K [0x00000000c0000000, 0x00000000c4300000, 0x00000000eab00000)
  object space 68608K, 21% used [0x00000000c0000000,0x00000000c0e18270,0x00000000c4300000)
 Metaspace       used 35679K, committed 36352K, reserved 1114112K
  class space    used 3628K, committed 3904K, reserved 1048576K

Card table byte_map: [0x000001a67e160000,0x000001a67e370000] _byte_map_base: 0x000001a67db60000

Marking Bits: (ParMarkBitMap*) 0x00007ffa660b52c0
 Begin Bits: [0x000001a611bc0000, 0x000001a612bc0000)
 End Bits:   [0x000001a612bc0000, 0x000001a613bc0000)

Polling page: 0x000001a67c760000

Metaspace:

Usage:
  Non-class:     31.30 MB used.
      Class:      3.54 MB used.
       Both:     34.84 MB used.

Virtual space:
  Non-class space:       64.00 MB reserved,      31.69 MB ( 50%) committed,  1 nodes.
      Class space:        1.00 GB reserved,       3.81 MB ( <1%) committed,  1 nodes.
             Both:        1.06 GB reserved,      35.50 MB (  3%) committed. 

Chunk freelists:
   Non-Class:  224.00 KB
       Class:  12.01 MB
        Both:  12.23 MB

MaxMetaspaceSize: unlimited
CompressedClassSpaceSize: 1.00 GB
Initial GC threshold: 21.00 MB
Current GC threshold: 58.38 MB
CDS: off
MetaspaceReclaimPolicy: balanced
 - commit_granule_bytes: 65536.
 - commit_granule_words: 8192.
 - virtual_space_node_default_size: 8388608.
 - enlarge_chunks_in_place: 1.
 - new_chunks_are_fully_committed: 0.
 - uncommit_free_chunks: 1.
 - use_allocation_guard: 0.
 - handle_deallocations: 1.


Internal statistics:

num_allocs_failed_limit: 6.
num_arena_births: 300.
num_arena_deaths: 14.
num_vsnodes_births: 2.
num_vsnodes_deaths: 0.
num_space_committed: 568.
num_space_uncommitted: 0.
num_chunks_returned_to_freelist: 20.
num_chunks_taken_from_freelist: 1404.
num_chunk_merges: 10.
num_chunk_splits: 913.
num_chunks_enlarged: 605.
num_inconsistent_stats: 0.

CodeHeap 'non-profiled nmethods': size=120000Kb used=1353Kb max_used=1353Kb free=118646Kb
 bounds [0x000001a60a690000, 0x000001a60a900000, 0x000001a611bc0000]
CodeHeap 'profiled nmethods': size=120000Kb used=6770Kb max_used=6770Kb free=113229Kb
 bounds [0x000001a602bc0000, 0x000001a603260000, 0x000001a60a0f0000]
CodeHeap 'non-nmethods': size=5760Kb used=1257Kb max_used=1297Kb free=4502Kb
 bounds [0x000001a60a0f0000, 0x000001a60a360000, 0x000001a60a690000]
 total_blobs=3831 nmethods=3255 adapters=490
 compilation: enabled
              stopped_count=0, restarted_count=0
 full_count=0

Compilation events (20 events):
Event: 19.592 Thread 0x000001a618e95b60 3236       3       org.eclipse.osgi.internal.container.ComputeNodeOrder$Digraph::addEdge (67 bytes)
Event: 19.593 Thread 0x000001a618e95b60 nmethod 3236 0x000001a60324e790 code [0x000001a60324e9a0, 0x000001a60324f058]
Event: 19.593 Thread 0x000001a618e95b60 3237       3       java.util.Arrays$ArrayItr::next (36 bytes)
Event: 19.593 Thread 0x000001a618e95b60 nmethod 3237 0x000001a60324f290 code [0x000001a60324f440, 0x000001a60324f688]
Event: 19.594 Thread 0x000001a61a730700 3235       4       java.util.HashMap::getNode (150 bytes)
Event: 19.595 Thread 0x000001a618e95b60 3239       3       java.lang.Integer::toString (55 bytes)
Event: 19.595 Thread 0x000001a618e95b60 nmethod 3239 0x000001a60324f790 code [0x000001a60324f960, 0x000001a60324fc98]
Event: 19.596 Thread 0x000001a618e95b60 3240       3       java.util.LinkedHashMap$LinkedKeyIterator::next (8 bytes)
Event: 19.597 Thread 0x000001a618e95b60 nmethod 3240 0x000001a60324fe10 code [0x000001a60324ffc0, 0x000001a603250128]
Event: 19.602 Thread 0x000001a618e95b60 3241       3       com.sun.org.apache.xerces.internal.parsers.XML11Configuration::checkProperty (192 bytes)
Event: 19.602 Thread 0x000001a61a730700 nmethod 3235 0x000001a60a7e0c10 code [0x000001a60a7e0dc0, 0x000001a60a7e1258]
Event: 19.602 Thread 0x000001a61a730700 3209       4       java.util.HashMap::put (13 bytes)
Event: 19.605 Thread 0x000001a618e95b60 nmethod 3241 0x000001a603250210 code [0x000001a603250680, 0x000001a6032524a8]
Event: 19.606 Thread 0x000001a618e95b60 3244       3       com.sun.org.apache.xml.internal.serializer.WriterToUTF8Buffered::write (296 bytes)
Event: 19.606 Thread 0x000001a618e95b60 nmethod 3244 0x000001a603252e90 code [0x000001a603253080, 0x000001a6032536e8]
Event: 19.606 Thread 0x000001a618e95b60 3242   !   3       jdk.internal.loader.AbstractClassLoaderValue::get (21 bytes)
Event: 19.607 Thread 0x000001a618e95b60 nmethod 3242 0x000001a603253990 code [0x000001a603253ba0, 0x000001a603254248]
Event: 19.607 Thread 0x000001a618e95b60 3243   !   3       java.util.concurrent.ConcurrentHashMap::initTable (112 bytes)
Event: 19.608 Thread 0x000001a618e95b60 nmethod 3243 0x000001a603254510 code [0x000001a6032546e0, 0x000001a603254c28]
Event: 19.615 Thread 0x000001a618e95b60 3247       3       sun.invoke.util.VerifyAccess::isTypeVisible (118 bytes)

GC Heap History (20 events):
Event: 2.908 GC heap before
{Heap before GC invocations=2 (full 0):
 PSYoungGen      total 29696K, used 28808K [0x00000000eab00000, 0x00000000ecc00000, 0x0000000100000000)
  eden space 25600K, 100% used [0x00000000eab00000,0x00000000ec400000,0x00000000ec400000)
  from space 4096K, 78% used [0x00000000ec400000,0x00000000ec7223a8,0x00000000ec800000)
  to   space 4096K, 0% used [0x00000000ec800000,0x00000000ec800000,0x00000000ecc00000)
 ParOldGen       total 68608K, used 16K [0x00000000c0000000, 0x00000000c4300000, 0x00000000eab00000)
  object space 68608K, 0% used [0x00000000c0000000,0x00000000c0004000,0x00000000c4300000)
 Metaspace       used 15356K, committed 15680K, reserved 1114112K
  class space    used 1571K, committed 1728K, reserved 1048576K
}
Event: 2.916 GC heap after
{Heap after GC invocations=2 (full 0):
 PSYoungGen      total 29696K, used 4094K [0x00000000eab00000, 0x00000000ecc00000, 0x0000000100000000)
  eden space 25600K, 0% used [0x00000000eab00000,0x00000000eab00000,0x00000000ec400000)
  from space 4096K, 99% used [0x00000000ec800000,0x00000000ecbff8b8,0x00000000ecc00000)
  to   space 4096K, 0% used [0x00000000ec400000,0x00000000ec400000,0x00000000ec800000)
 ParOldGen       total 68608K, used 714K [0x00000000c0000000, 0x00000000c4300000, 0x00000000eab00000)
  object space 68608K, 1% used [0x00000000c0000000,0x00000000c00b2b70,0x00000000c4300000)
 Metaspace       used 15356K, committed 15680K, reserved 1114112K
  class space    used 1571K, committed 1728K, reserved 1048576K
}
Event: 4.011 GC heap before
{Heap before GC invocations=3 (full 0):
 PSYoungGen      total 29696K, used 29694K [0x00000000eab00000, 0x00000000ecc00000, 0x0000000100000000)
  eden space 25600K, 100% used [0x00000000eab00000,0x00000000ec400000,0x00000000ec400000)
  from space 4096K, 99% used [0x00000000ec800000,0x00000000ecbff8b8,0x00000000ecc00000)
  to   space 4096K, 0% used [0x00000000ec400000,0x00000000ec400000,0x00000000ec800000)
 ParOldGen       total 68608K, used 714K [0x00000000c0000000, 0x00000000c4300000, 0x00000000eab00000)
  object space 68608K, 1% used [0x00000000c0000000,0x00000000c00b2b70,0x00000000c4300000)
 Metaspace       used 20450K, committed 20928K, reserved 1114112K
  class space    used 2083K, committed 2304K, reserved 1048576K
}
Event: 4.019 GC heap after
{Heap after GC invocations=3 (full 0):
 PSYoungGen      total 29696K, used 4090K [0x00000000eab00000, 0x00000000ecc00000, 0x0000000100000000)
  eden space 25600K, 0% used [0x00000000eab00000,0x00000000eab00000,0x00000000ec400000)
  from space 4096K, 99% used [0x00000000ec400000,0x00000000ec7fe980,0x00000000ec800000)
  to   space 4096K, 0% used [0x00000000ec800000,0x00000000ec800000,0x00000000ecc00000)
 ParOldGen       total 68608K, used 3013K [0x00000000c0000000, 0x00000000c4300000, 0x00000000eab00000)
  object space 68608K, 4% used [0x00000000c0000000,0x00000000c02f15e0,0x00000000c4300000)
 Metaspace       used 20450K, committed 20928K, reserved 1114112K
  class space    used 2083K, committed 2304K, reserved 1048576K
}
Event: 4.233 GC heap before
{Heap before GC invocations=4 (full 0):
 PSYoungGen      total 29696K, used 8154K [0x00000000eab00000, 0x00000000ecc00000, 0x0000000100000000)
  eden space 25600K, 15% used [0x00000000eab00000,0x00000000eaef7e80,0x00000000ec400000)
  from space 4096K, 99% used [0x00000000ec400000,0x00000000ec7fe980,0x00000000ec800000)
  to   space 4096K, 0% used [0x00000000ec800000,0x00000000ec800000,0x00000000ecc00000)
 ParOldGen       total 68608K, used 3013K [0x00000000c0000000, 0x00000000c4300000, 0x00000000eab00000)
  object space 68608K, 4% used [0x00000000c0000000,0x00000000c02f15e0,0x00000000c4300000)
 Metaspace       used 21067K, committed 21504K, reserved 1114112K
  class space    used 2152K, committed 2304K, reserved 1048576K
}
Event: 4.237 GC heap after
{Heap after GC invocations=4 (full 0):
 PSYoungGen      total 29696K, used 4074K [0x00000000eab00000, 0x00000000ecc00000, 0x0000000100000000)
  eden space 25600K, 0% used [0x00000000eab00000,0x00000000eab00000,0x00000000ec400000)
  from space 4096K, 99% used [0x00000000ec800000,0x00000000ecbfa970,0x00000000ecc00000)
  to   space 4096K, 0% used [0x00000000ec400000,0x00000000ec400000,0x00000000ec800000)
 ParOldGen       total 68608K, used 3217K [0x00000000c0000000, 0x00000000c4300000, 0x00000000eab00000)
  object space 68608K, 4% used [0x00000000c0000000,0x00000000c03247d8,0x00000000c4300000)
 Metaspace       used 21067K, committed 21504K, reserved 1114112K
  class space    used 2152K, committed 2304K, reserved 1048576K
}
Event: 4.237 GC heap before
{Heap before GC invocations=5 (full 1):
 PSYoungGen      total 29696K, used 4074K [0x00000000eab00000, 0x00000000ecc00000, 0x0000000100000000)
  eden space 25600K, 0% used [0x00000000eab00000,0x00000000eab00000,0x00000000ec400000)
  from space 4096K, 99% used [0x00000000ec800000,0x00000000ecbfa970,0x00000000ecc00000)
  to   space 4096K, 0% used [0x00000000ec400000,0x00000000ec400000,0x00000000ec800000)
 ParOldGen       total 68608K, used 3217K [0x00000000c0000000, 0x00000000c4300000, 0x00000000eab00000)
  object space 68608K, 4% used [0x00000000c0000000,0x00000000c03247d8,0x00000000c4300000)
 Metaspace       used 21067K, committed 21504K, reserved 1114112K
  class space    used 2152K, committed 2304K, reserved 1048576K
}
Event: 4.269 GC heap after
{Heap after GC invocations=5 (full 1):
 PSYoungGen      total 29696K, used 0K [0x00000000eab00000, 0x00000000ecc00000, 0x0000000100000000)
  eden space 25600K, 0% used [0x00000000eab00000,0x00000000eab00000,0x00000000ec400000)
  from space 4096K, 0% used [0x00000000ec800000,0x00000000ec800000,0x00000000ecc00000)
  to   space 4096K, 0% used [0x00000000ec400000,0x00000000ec400000,0x00000000ec800000)
 ParOldGen       total 68608K, used 7080K [0x00000000c0000000, 0x00000000c4300000, 0x00000000eab00000)
  object space 68608K, 10% used [0x00000000c0000000,0x00000000c06ea060,0x00000000c4300000)
 Metaspace       used 21054K, committed 21504K, reserved 1114112K
  class space    used 2148K, committed 2304K, reserved 1048576K
}
Event: 4.720 GC heap before
{Heap before GC invocations=6 (full 1):
 PSYoungGen      total 29696K, used 25600K [0x00000000eab00000, 0x00000000ecc00000, 0x0000000100000000)
  eden space 25600K, 100% used [0x00000000eab00000,0x00000000ec400000,0x00000000ec400000)
  from space 4096K, 0% used [0x00000000ec800000,0x00000000ec800000,0x00000000ecc00000)
  to   space 4096K, 0% used [0x00000000ec400000,0x00000000ec400000,0x00000000ec800000)
 ParOldGen       total 68608K, used 7080K [0x00000000c0000000, 0x00000000c4300000, 0x00000000eab00000)
  object space 68608K, 10% used [0x00000000c0000000,0x00000000c06ea060,0x00000000c4300000)
 Metaspace       used 24653K, committed 25088K, reserved 1114112K
  class space    used 2417K, committed 2624K, reserved 1048576K
}
Event: 4.722 GC heap after
{Heap after GC invocations=6 (full 1):
 PSYoungGen      total 26112K, used 607K [0x00000000eab00000, 0x00000000ec880000, 0x0000000100000000)
  eden space 25088K, 0% used [0x00000000eab00000,0x00000000eab00000,0x00000000ec380000)
  from space 1024K, 59% used [0x00000000ec400000,0x00000000ec497f98,0x00000000ec500000)
  to   space 2560K, 0% used [0x00000000ec600000,0x00000000ec600000,0x00000000ec880000)
 ParOldGen       total 68608K, used 7088K [0x00000000c0000000, 0x00000000c4300000, 0x00000000eab00000)
  object space 68608K, 10% used [0x00000000c0000000,0x00000000c06ec060,0x00000000c4300000)
 Metaspace       used 24653K, committed 25088K, reserved 1114112K
  class space    used 2417K, committed 2624K, reserved 1048576K
}
Event: 5.071 GC heap before
{Heap before GC invocations=7 (full 1):
 PSYoungGen      total 26112K, used 25695K [0x00000000eab00000, 0x00000000ec880000, 0x0000000100000000)
  eden space 25088K, 100% used [0x00000000eab00000,0x00000000ec380000,0x00000000ec380000)
  from space 1024K, 59% used [0x00000000ec400000,0x00000000ec497f98,0x00000000ec500000)
  to   space 2560K, 0% used [0x00000000ec600000,0x00000000ec600000,0x00000000ec880000)
 ParOldGen       total 68608K, used 7088K [0x00000000c0000000, 0x00000000c4300000, 0x00000000eab00000)
  object space 68608K, 10% used [0x00000000c0000000,0x00000000c06ec060,0x00000000c4300000)
 Metaspace       used 27518K, committed 28032K, reserved 1114112K
  class space    used 2650K, committed 2880K, reserved 1048576K
}
Event: 5.073 GC heap after
{Heap after GC invocations=7 (full 1):
 PSYoungGen      total 26112K, used 1235K [0x00000000eab00000, 0x00000000ec780000, 0x0000000100000000)
  eden space 24576K, 0% used [0x00000000eab00000,0x00000000eab00000,0x00000000ec300000)
  from space 1536K, 80% used [0x00000000ec600000,0x00000000ec734d20,0x00000000ec780000)
  to   space 1536K, 0% used [0x00000000ec480000,0x00000000ec480000,0x00000000ec600000)
 ParOldGen       total 68608K, used 7096K [0x00000000c0000000, 0x00000000c4300000, 0x00000000eab00000)
  object space 68608K, 10% used [0x00000000c0000000,0x00000000c06ee060,0x00000000c4300000)
 Metaspace       used 27518K, committed 28032K, reserved 1114112K
  class space    used 2650K, committed 2880K, reserved 1048576K
}
Event: 6.800 GC heap before
{Heap before GC invocations=8 (full 1):
 PSYoungGen      total 26112K, used 25811K [0x00000000eab00000, 0x00000000ec780000, 0x0000000100000000)
  eden space 24576K, 100% used [0x00000000eab00000,0x00000000ec300000,0x00000000ec300000)
  from space 1536K, 80% used [0x00000000ec600000,0x00000000ec734d20,0x00000000ec780000)
  to   space 1536K, 0% used [0x00000000ec480000,0x00000000ec480000,0x00000000ec600000)
 ParOldGen       total 68608K, used 7096K [0x00000000c0000000, 0x00000000c4300000, 0x00000000eab00000)
  object space 68608K, 10% used [0x00000000c0000000,0x00000000c06ee060,0x00000000c4300000)
 Metaspace       used 31921K, committed 32576K, reserved 1114112K
  class space    used 3191K, committed 3456K, reserved 1048576K
}
Event: 6.803 GC heap after
{Heap after GC invocations=8 (full 1):
 PSYoungGen      total 25600K, used 1517K [0x00000000eab00000, 0x00000000ec780000, 0x0000000100000000)
  eden space 24064K, 0% used [0x00000000eab00000,0x00000000eab00000,0x00000000ec280000)
  from space 1536K, 98% used [0x00000000ec480000,0x00000000ec5fb788,0x00000000ec600000)
  to   space 1536K, 0% used [0x00000000ec600000,0x00000000ec600000,0x00000000ec780000)
 ParOldGen       total 68608K, used 7852K [0x00000000c0000000, 0x00000000c4300000, 0x00000000eab00000)
  object space 68608K, 11% used [0x00000000c0000000,0x00000000c07ab010,0x00000000c4300000)
 Metaspace       used 31921K, committed 32576K, reserved 1114112K
  class space    used 3191K, committed 3456K, reserved 1048576K
}
Event: 7.504 GC heap before
{Heap before GC invocations=9 (full 1):
 PSYoungGen      total 25600K, used 25581K [0x00000000eab00000, 0x00000000ec780000, 0x0000000100000000)
  eden space 24064K, 100% used [0x00000000eab00000,0x00000000ec280000,0x00000000ec280000)
  from space 1536K, 98% used [0x00000000ec480000,0x00000000ec5fb788,0x00000000ec600000)
  to   space 1536K, 0% used [0x00000000ec600000,0x00000000ec600000,0x00000000ec780000)
 ParOldGen       total 68608K, used 7852K [0x00000000c0000000, 0x00000000c4300000, 0x00000000eab00000)
  object space 68608K, 11% used [0x00000000c0000000,0x00000000c07ab010,0x00000000c4300000)
 Metaspace       used 34596K, committed 35200K, reserved 1114112K
  class space    used 3503K, committed 3776K, reserved 1048576K
}
Event: 7.509 GC heap after
{Heap after GC invocations=9 (full 1):
 PSYoungGen      total 23040K, used 1531K [0x00000000eab00000, 0x00000000ece00000, 0x0000000100000000)
  eden space 21504K, 0% used [0x00000000eab00000,0x00000000eab00000,0x00000000ec000000)
  from space 1536K, 99% used [0x00000000ec600000,0x00000000ec77ee70,0x00000000ec780000)
  to   space 6144K, 0% used [0x00000000ec000000,0x00000000ec000000,0x00000000ec600000)
 ParOldGen       total 68608K, used 11567K [0x00000000c0000000, 0x00000000c4300000, 0x00000000eab00000)
  object space 68608K, 16% used [0x00000000c0000000,0x00000000c0b4bca0,0x00000000c4300000)
 Metaspace       used 34596K, committed 35200K, reserved 1114112K
  class space    used 3503K, committed 3776K, reserved 1048576K
}
Event: 19.462 GC heap before
{Heap before GC invocations=10 (full 1):
 PSYoungGen      total 23040K, used 22391K [0x00000000eab00000, 0x00000000ece00000, 0x0000000100000000)
  eden space 21504K, 97% used [0x00000000eab00000,0x00000000ebf5edc8,0x00000000ec000000)
  from space 1536K, 99% used [0x00000000ec600000,0x00000000ec77ee70,0x00000000ec780000)
  to   space 6144K, 0% used [0x00000000ec000000,0x00000000ec000000,0x00000000ec600000)
 ParOldGen       total 68608K, used 11567K [0x00000000c0000000, 0x00000000c4300000, 0x00000000eab00000)
  object space 68608K, 16% used [0x00000000c0000000,0x00000000c0b4bca0,0x00000000c4300000)
 Metaspace       used 35227K, committed 35840K, reserved 1114112K
  class space    used 3567K, committed 3776K, reserved 1048576K
}
Event: 19.467 GC heap after
{Heap after GC invocations=10 (full 1):
 PSYoungGen      total 27648K, used 4729K [0x00000000eab00000, 0x00000000ecc00000, 0x0000000100000000)
  eden space 21504K, 0% used [0x00000000eab00000,0x00000000eab00000,0x00000000ec000000)
  from space 6144K, 76% used [0x00000000ec000000,0x00000000ec49e7b0,0x00000000ec600000)
  to   space 5120K, 0% used [0x00000000ec700000,0x00000000ec700000,0x00000000ecc00000)
 ParOldGen       total 68608K, used 12223K [0x00000000c0000000, 0x00000000c4300000, 0x00000000eab00000)
  object space 68608K, 17% used [0x00000000c0000000,0x00000000c0befd90,0x00000000c4300000)
 Metaspace       used 35227K, committed 35840K, reserved 1114112K
  class space    used 3567K, committed 3776K, reserved 1048576K
}
Event: 19.467 GC heap before
{Heap before GC invocations=11 (full 2):
 PSYoungGen      total 27648K, used 4729K [0x00000000eab00000, 0x00000000ecc00000, 0x0000000100000000)
  eden space 21504K, 0% used [0x00000000eab00000,0x00000000eab00000,0x00000000ec000000)
  from space 6144K, 76% used [0x00000000ec000000,0x00000000ec49e7b0,0x00000000ec600000)
  to   space 5120K, 0% used [0x00000000ec700000,0x00000000ec700000,0x00000000ecc00000)
 ParOldGen       total 68608K, used 12223K [0x00000000c0000000, 0x00000000c4300000, 0x00000000eab00000)
  object space 68608K, 17% used [0x00000000c0000000,0x00000000c0befd90,0x00000000c4300000)
 Metaspace       used 35227K, committed 35840K, reserved 1114112K
  class space    used 3567K, committed 3776K, reserved 1048576K
}
Event: 19.500 GC heap after
{Heap after GC invocations=11 (full 2):
 PSYoungGen      total 27648K, used 0K [0x00000000eab00000, 0x00000000ecc00000, 0x0000000100000000)
  eden space 21504K, 0% used [0x00000000eab00000,0x00000000eab00000,0x00000000ec000000)
  from space 6144K, 0% used [0x00000000ec000000,0x00000000ec000000,0x00000000ec600000)
  to   space 5120K, 0% used [0x00000000ec700000,0x00000000ec700000,0x00000000ecc00000)
 ParOldGen       total 68608K, used 14432K [0x00000000c0000000, 0x00000000c4300000, 0x00000000eab00000)
  object space 68608K, 21% used [0x00000000c0000000,0x00000000c0e18270,0x00000000c4300000)
 Metaspace       used 35227K, committed 35840K, reserved 1114112K
  class space    used 3567K, committed 3776K, reserved 1048576K
}

Dll operation events (10 events):
Event: 0.046 Loaded shared library c:\Users\alyca\.vscode\extensions\redhat.java-1.18.0-win32-x64\jre\17.0.7-win32-x86_64\bin\java.dll
Event: 0.404 Loaded shared library c:\Users\alyca\.vscode\extensions\redhat.java-1.18.0-win32-x64\jre\17.0.7-win32-x86_64\bin\zip.dll
Event: 0.410 Loaded shared library C:\Users\alyca\.vscode\extensions\redhat.java-1.18.0-win32-x64\jre\17.0.7-win32-x86_64\bin\instrument.dll
Event: 0.437 Loaded shared library C:\Users\alyca\.vscode\extensions\redhat.java-1.18.0-win32-x64\jre\17.0.7-win32-x86_64\bin\net.dll
Event: 0.443 Loaded shared library C:\Users\alyca\.vscode\extensions\redhat.java-1.18.0-win32-x64\jre\17.0.7-win32-x86_64\bin\nio.dll
Event: 0.457 Loaded shared library C:\Users\alyca\.vscode\extensions\redhat.java-1.18.0-win32-x64\jre\17.0.7-win32-x86_64\bin\zip.dll
Event: 0.502 Loaded shared library C:\Users\alyca\.vscode\extensions\redhat.java-1.18.0-win32-x64\jre\17.0.7-win32-x86_64\bin\jimage.dll
Event: 0.604 Loaded shared library c:\Users\alyca\.vscode\extensions\redhat.java-1.18.0-win32-x64\jre\17.0.7-win32-x86_64\bin\verify.dll
Event: 2.575 Loaded shared library C:\Users\alyca\AppData\Roaming\Code\User\globalStorage\redhat.java\1.18.0\config_ss_win\org.eclipse.equinox.launcher\org.eclipse.equinox.launcher.win32.win32.x86_64_1.2.700.v20221108-1024\eclipse_11801.dll
Event: 6.253 Loaded shared library C:\Users\alyca\AppData\Local\Temp\jna-92918412\jna2493528384279347001.dll

Deoptimization events (20 events):
Event: 7.635 Thread 0x000001a61b015ed0 DEOPT PACKING pc=0x000001a6031d7e1a sp=0x00000039a6efe8d0
Event: 7.635 Thread 0x000001a61b015ed0 DEOPT UNPACKING pc=0x000001a60a146e43 sp=0x00000039a6efddd8 mode 0
Event: 7.636 Thread 0x000001a61b015ed0 DEOPT PACKING pc=0x000001a6031d7e1a sp=0x00000039a6efe8d0
Event: 7.636 Thread 0x000001a61b015ed0 DEOPT UNPACKING pc=0x000001a60a146e43 sp=0x00000039a6efddd8 mode 0
Event: 7.684 Thread 0x000001a61b015ed0 Uncommon trap: trap_request=0xffffff45 fr.pc=0x000001a60a6eee00 relative=0x00000000000001e0
Event: 7.684 Thread 0x000001a61b015ed0 Uncommon trap: reason=unstable_if action=reinterpret pc=0x000001a60a6eee00 method=java.util.HashMap.getNode(Ljava/lang/Object;)Ljava/util/HashMap$Node; @ 66 c2
Event: 7.684 Thread 0x000001a61b015ed0 DEOPT PACKING pc=0x000001a60a6eee00 sp=0x00000039a6efe600
Event: 7.684 Thread 0x000001a61b015ed0 DEOPT UNPACKING pc=0x000001a60a1466a3 sp=0x00000039a6efe510 mode 2
Event: 7.684 Thread 0x000001a61b015ed0 Uncommon trap: trap_request=0xffffff45 fr.pc=0x000001a60a762c30 relative=0x00000000000002f0
Event: 7.684 Thread 0x000001a61b015ed0 Uncommon trap: reason=unstable_if action=reinterpret pc=0x000001a60a762c30 method=java.util.HashMap.getNode(Ljava/lang/Object;)Ljava/util/HashMap$Node; @ 66 c2
Event: 7.684 Thread 0x000001a61b015ed0 DEOPT PACKING pc=0x000001a60a762c30 sp=0x00000039a6efe650
Event: 7.684 Thread 0x000001a61b015ed0 DEOPT UNPACKING pc=0x000001a60a1466a3 sp=0x00000039a6efe5e0 mode 2
Event: 19.540 Thread 0x000001a61b016d40 Uncommon trap: trap_request=0xffffff45 fr.pc=0x000001a60a7b49cc relative=0x0000000000003d8c
Event: 19.540 Thread 0x000001a61b016d40 Uncommon trap: reason=unstable_if action=reinterpret pc=0x000001a60a7b49cc method=jdk.internal.org.objectweb.asm.Frame.push(I)V @ 26 c2
Event: 19.540 Thread 0x000001a61b016d40 DEOPT PACKING pc=0x000001a60a7b49cc sp=0x00000039a6dfd230
Event: 19.540 Thread 0x000001a61b016d40 DEOPT UNPACKING pc=0x000001a60a1466a3 sp=0x00000039a6dfd158 mode 2
Event: 19.615 Thread 0x000001a61b016870 Uncommon trap: trap_request=0xffffff45 fr.pc=0x000001a60a6f2f34 relative=0x0000000000000474
Event: 19.615 Thread 0x000001a61b016870 Uncommon trap: reason=unstable_if action=reinterpret pc=0x000001a60a6f2f34 method=java.util.HashMap$HashIterator.<init>(Ljava/util/HashMap;)V @ 45 c2
Event: 19.615 Thread 0x000001a61b016870 DEOPT PACKING pc=0x000001a60a6f2f34 sp=0x00000039a73fe8f0
Event: 19.615 Thread 0x000001a61b016870 DEOPT UNPACKING pc=0x000001a60a1466a3 sp=0x00000039a73fe760 mode 2

Classes unloaded (7 events):
Event: 4.241 Thread 0x000001a67e844710 Unloading class 0x0000000100212400 'java/lang/invoke/LambdaForm$MH+0x0000000100212400'
Event: 4.241 Thread 0x000001a67e844710 Unloading class 0x0000000100212000 'java/lang/invoke/LambdaForm$MH+0x0000000100212000'
Event: 4.241 Thread 0x000001a67e844710 Unloading class 0x0000000100211c00 'java/lang/invoke/LambdaForm$MH+0x0000000100211c00'
Event: 4.241 Thread 0x000001a67e844710 Unloading class 0x0000000100211800 'java/lang/invoke/LambdaForm$MH+0x0000000100211800'
Event: 4.241 Thread 0x000001a67e844710 Unloading class 0x0000000100211000 'java/lang/invoke/LambdaForm$BMH+0x0000000100211000'
Event: 4.241 Thread 0x000001a67e844710 Unloading class 0x0000000100210c00 'java/lang/invoke/LambdaForm$DMH+0x0000000100210c00'
Event: 4.241 Thread 0x000001a67e844710 Unloading class 0x000000010020e000 'java/lang/invoke/LambdaForm$DMH+0x000000010020e000'

Classes redefined (0 events):
No events

Internal exceptions (20 events):
Event: 6.333 Thread 0x000001a61aa67470 Exception <a 'java/io/FileNotFoundException'{0x00000000eb7ad630}> (0x00000000eb7ad630) 
thrown [s\src\hotspot\share\prims\jni.cpp, line 516]
Event: 6.355 Thread 0x000001a61aa67470 Exception <a 'java/lang/UnsatisfiedLinkError'{0x00000000eb839c30}: The specified procedure could not be found.
> (0x00000000eb839c30) 
thrown [s\src\hotspot\share\prims\jni.cpp, line 535]
Event: 6.431 Thread 0x000001a67e7ba280 Exception <a 'java/lang/NoSuchMethodError'{0x00000000eba1abf8}: 'java.lang.Object java.lang.invoke.DirectMethodHandle$Holder.invokeStatic(java.lang.Object, java.lang.Object, long, java.lang.Object)'> (0x00000000eba1abf8) 
thrown [s\src\hotspot\share\interpreter\linkResolver.cpp, line 759]
Event: 6.432 Thread 0x000001a67e7ba280 Exception <a 'java/lang/NoSuchMethodError'{0x00000000eba1e690}: 'java.lang.Object java.lang.invoke.DirectMethodHandle$Holder.invokeStaticInit(java.lang.Object, java.lang.Object, long, java.lang.Object)'> (0x00000000eba1e690) 
thrown [s\src\hotspot\share\interpreter\linkResolver.cpp, line 759]
Event: 6.433 Thread 0x000001a67e7ba280 Exception <a 'java/lang/NoSuchMethodError'{0x00000000eba24ca0}: 'java.lang.Object java.lang.invoke.DirectMethodHandle$Holder.newInvokeSpecial(java.lang.Object, java.lang.Object, long)'> (0x00000000eba24ca0) 
thrown [s\src\hotspot\share\interpreter\linkResolver.cpp, line 759]
Event: 6.434 Thread 0x000001a67e7ba280 Exception <a 'java/lang/NoSuchMethodError'{0x00000000eba286e0}: 'java.lang.Object java.lang.invoke.Invokers$Holder.linkToTargetMethod(java.lang.Object, long, java.lang.Object)'> (0x00000000eba286e0) 
thrown [s\src\hotspot\share\interpreter\linkResolver.cpp, line 759]
Event: 6.534 Thread 0x000001a67e7ba280 Exception <a 'java/lang/NoSuchMethodError'{0x00000000ebbc5658}: 'void java.lang.invoke.DirectMethodHandle$Holder.invokeStatic(java.lang.Object, java.lang.Object, java.lang.Object, java.lang.Object)'> (0x00000000ebbc5658) 
thrown [s\src\hotspot\share\interpreter\linkResolver.cpp, line 759]
Event: 6.825 Thread 0x000001a67e7ba280 Exception <a 'java/lang/NoSuchMethodError'{0x00000000eabd3900}: 'void java.lang.invoke.DirectMethodHandle$Holder.invokeSpecial(java.lang.Object, java.lang.Object, java.lang.Object, java.lang.Object, java.lang.Object, java.lang.Object)'> (0x00000000eabd3900) 
thrown [s\src\hotspot\share\interpreter\linkResolver.cpp, line 759]
Event: 6.827 Thread 0x000001a67e7ba280 Exception <a 'java/lang/IncompatibleClassChangeError'{0x00000000eabdc528}: Found class java.lang.Object, but interface was expected> (0x00000000eabdc528) 
thrown [s\src\hotspot\share\interpreter\linkResolver.cpp, line 826]
Event: 7.051 Thread 0x000001a61b018a20 Exception <a 'java/io/FileNotFoundException'{0x00000000eb0c6a70}> (0x00000000eb0c6a70) 
thrown [s\src\hotspot\share\prims\jni.cpp, line 516]
Event: 7.196 Thread 0x000001a61b018a20 Exception <a 'java/lang/NoSuchMethodError'{0x00000000eb5b7ea8}: 'int java.lang.invoke.DirectMethodHandle$Holder.invokeVirtual(java.lang.Object, java.lang.Object)'> (0x00000000eb5b7ea8) 
thrown [s\src\hotspot\share\interpreter\linkResolver.cpp, line 759]
Event: 7.364 Thread 0x000001a61b015ed0 Exception <a 'java/io/FileNotFoundException'{0x00000000eb89f208}> (0x00000000eb89f208) 
thrown [s\src\hotspot\share\prims\jni.cpp, line 516]
Event: 7.364 Thread 0x000001a61b015ed0 Exception <a 'java/io/FileNotFoundException'{0x00000000eb8a0d98}> (0x00000000eb8a0d98) 
thrown [s\src\hotspot\share\prims\jni.cpp, line 516]
Event: 7.367 Thread 0x000001a61b015ed0 Exception <a 'java/lang/NoSuchMethodError'{0x00000000eb8ad220}: 'void java.lang.invoke.DirectMethodHandle$Holder.invokeStaticInit(java.lang.Object, java.lang.Object, java.lang.Object)'> (0x00000000eb8ad220) 
thrown [s\src\hotspot\share\interpreter\linkResolver.cpp, line 759]
Event: 19.511 Thread 0x000001a61b016d40 Exception <a 'java/io/FileNotFoundException'{0x00000000eab67dc8}> (0x00000000eab67dc8) 
thrown [s\src\hotspot\share\prims\jni.cpp, line 516]
Event: 19.542 Thread 0x000001a61b016d40 Exception <a 'java/lang/NoSuchMethodError'{0x00000000eac624a8}: 'java.lang.Object java.lang.invoke.DirectMethodHandle$Holder.newInvokeSpecial(java.lang.Object, java.lang.Object, java.lang.Object, java.lang.Object, java.lang.Object, java.lang.Object, java.lang.Object, java.lang.Object, java.lang.Object, java.lang.Object)'> (0x00000000eac624a8) 
thrown [s\src\hotspot\share\interpreter\linkResolver.cpp, line 759]
Event: 19.543 Thread 0x000001a61b016d40 Exception <a 'java/lang/NoSuchMethodError'{0x00000000eac673e8}: 'java.lang.Object java.lang.invoke.DirectMethodHandle$Holder.invokeSpecial(java.lang.Object, java.lang.Object, java.lang.Object, java.lang.Object, java.lang.Object, java.lang.Object, java.lang.Object, java.lang.Object, java.lang.Object, java.lang.Object, java.lang.Object)'> (0x00000000eac673e8) 
thrown [s\src\hotspot\share\interpreter\linkResolver.cpp, line 759]
Event: 19.543 Thread 0x000001a61b016d40 Exception <a 'java/lang/NoSuchMethodError'{0x00000000eac6bdb0}: 'java.lang.Object java.lang.invoke.Invokers$Holder.linkToTargetMethod(java.lang.Object, java.lang.Object, java.lang.Object, java.lang.Object, java.lang.Object, java.lang.Object, java.lang.Object, java.lang.Object, java.lang.Object, java.lang.Object)'> (0x00000000eac6bdb0) 
thrown [s\src\hotspot\share\interpreter\linkResolver.cpp, line 759]
Event: 19.562 Thread 0x000001a61b016d40 Exception <a 'sun/nio/fs/WindowsException'{0x00000000eacd0710}> (0x00000000eacd0710) 
thrown [s\src\hotspot\share\prims\jni.cpp, line 516]
Event: 19.611 Thread 0x000001a61b016870 Exception <a 'java/io/FileNotFoundException'{0x00000000eadf5798}> (0x00000000eadf5798) 
thrown [s\src\hotspot\share\prims\jni.cpp, line 516]

VM Operations (20 events):
Event: 5.934 Executing VM operation: HandshakeAllThreads
Event: 5.934 Executing VM operation: HandshakeAllThreads done
Event: 6.282 Executing VM operation: HandshakeAllThreads
Event: 6.282 Executing VM operation: HandshakeAllThreads done
Event: 6.282 Executing VM operation: Cleanup
Event: 6.282 Executing VM operation: Cleanup done
Event: 6.387 Executing VM operation: HandshakeAllThreads
Event: 6.387 Executing VM operation: HandshakeAllThreads done
Event: 6.800 Executing VM operation: ParallelGCFailedAllocation
Event: 6.803 Executing VM operation: ParallelGCFailedAllocation done
Event: 7.037 Executing VM operation: HandshakeAllThreads
Event: 7.037 Executing VM operation: HandshakeAllThreads done
Event: 7.504 Executing VM operation: ParallelGCFailedAllocation
Event: 7.509 Executing VM operation: ParallelGCFailedAllocation done
Event: 8.510 Executing VM operation: Cleanup
Event: 8.510 Executing VM operation: Cleanup done
Event: 9.510 Executing VM operation: Cleanup
Event: 9.510 Executing VM operation: Cleanup done
Event: 19.462 Executing VM operation: CollectForMetadataAllocation
Event: 19.500 Executing VM operation: CollectForMetadataAllocation done

Events (20 events):
Event: 19.527 loading class sun/util/resources/cldr/TimeZoneNames done
Event: 19.527 loading class sun/util/resources/cldr/TimeZoneNames_en
Event: 19.528 loading class sun/util/resources/cldr/TimeZoneNames_en done
Event: 19.528 loading class sun/util/resources/cldr/TimeZoneNames_en_US
Event: 19.528 loading class sun/util/resources/cldr/TimeZoneNames_en_US done
Event: 19.531 loading class sun/util/resources/TimeZoneNames
Event: 19.532 loading class sun/util/resources/TimeZoneNames done
Event: 19.532 loading class sun/util/resources/TimeZoneNames_en
Event: 19.533 loading class sun/util/resources/TimeZoneNames_en done
Event: 19.547 Thread 0x000001a61b016870 Thread added: 0x000001a61b016870
Event: 19.554 Thread 0x000001a61b016870 Thread exited: 0x000001a61b016870
Event: 19.561 loading class sun/nio/fs/WindowsSecurityDescriptor
Event: 19.562 loading class sun/nio/fs/WindowsSecurityDescriptor done
Event: 19.562 loading class sun/nio/fs/WindowsException
Event: 19.562 loading class sun/nio/fs/WindowsException done
Event: 19.587 Thread 0x000001a61b016870 Thread added: 0x000001a61b016870
Event: 19.594 Thread 0x000001a61a730700 Thread added: 0x000001a61a730700
Event: 19.610 loading class java/util/Hashtable$KeySet
Event: 19.611 loading class java/util/Hashtable$KeySet done
Event: 19.619 Thread 0x000001a61b0176e0 Thread added: 0x000001a61b0176e0


Dynamic libraries:
0x00007ff7fb7c0000 - 0x00007ff7fb7ce000 	c:\Users\alyca\.vscode\extensions\redhat.java-1.18.0-win32-x64\jre\17.0.7-win32-x86_64\bin\java.exe
0x00007ffaac670000 - 0x00007ffaac884000 	C:\WINDOWS\SYSTEM32\ntdll.dll
0x00007ffaaad20000 - 0x00007ffaaade2000 	C:\WINDOWS\System32\KERNEL32.DLL
0x00007ffaa9b60000 - 0x00007ffaa9f03000 	C:\WINDOWS\System32\KERNELBASE.dll
0x00007ffaaa350000 - 0x00007ffaaa461000 	C:\WINDOWS\System32\ucrtbase.dll
0x00007ffa92fd0000 - 0x00007ffa92fe7000 	c:\Users\alyca\.vscode\extensions\redhat.java-1.18.0-win32-x64\jre\17.0.7-win32-x86_64\bin\jli.dll
0x00007ffaac380000 - 0x00007ffaac52b000 	C:\WINDOWS\System32\USER32.dll
0x00007ffaa9b30000 - 0x00007ffaa9b56000 	C:\WINDOWS\System32\win32u.dll
0x00007ffaac5f0000 - 0x00007ffaac619000 	C:\WINDOWS\System32\GDI32.dll
0x00007ffaaa000000 - 0x00007ffaaa118000 	C:\WINDOWS\System32\gdi32full.dll
0x00007ffaa9a90000 - 0x00007ffaa9b2a000 	C:\WINDOWS\System32\msvcp_win.dll
0x00007ffa92ac0000 - 0x00007ffa92ad9000 	c:\Users\alyca\.vscode\extensions\redhat.java-1.18.0-win32-x64\jre\17.0.7-win32-x86_64\bin\VCRUNTIME140.dll
0x00007ffa925e0000 - 0x00007ffa9286e000 	C:\WINDOWS\WinSxS\amd64_microsoft.windows.common-controls_6595b64144ccf1df_6.0.22621.1635_none_270f70857386168e\COMCTL32.dll
0x00007ffaabf50000 - 0x00007ffaabff7000 	C:\WINDOWS\System32\msvcrt.dll
0x00007ffaabf10000 - 0x00007ffaabf41000 	C:\WINDOWS\System32\IMM32.DLL
0x00007ffaa57b0000 - 0x00007ffaa57bc000 	c:\Users\alyca\.vscode\extensions\redhat.java-1.18.0-win32-x64\jre\17.0.7-win32-x86_64\bin\vcruntime140_1.dll
0x00007ffa6e890000 - 0x00007ffa6e921000 	c:\Users\alyca\.vscode\extensions\redhat.java-1.18.0-win32-x64\jre\17.0.7-win32-x86_64\bin\msvcp140.dll
0x00007ffa65530000 - 0x00007ffa66178000 	c:\Users\alyca\.vscode\extensions\redhat.java-1.18.0-win32-x64\jre\17.0.7-win32-x86_64\bin\server\jvm.dll
0x00007ffaaa630000 - 0x00007ffaaa6de000 	C:\WINDOWS\System32\ADVAPI32.dll
0x00007ffaac050000 - 0x00007ffaac0f4000 	C:\WINDOWS\System32\sechost.dll
0x00007ffaaabe0000 - 0x00007ffaaacf7000 	C:\WINDOWS\System32\RPCRT4.dll
0x00007ffa99420000 - 0x00007ffa99429000 	C:\WINDOWS\SYSTEM32\WSOCK32.dll
0x00007ffaaa6e0000 - 0x00007ffaaa751000 	C:\WINDOWS\System32\WS2_32.dll
0x00007ffaa1f60000 - 0x00007ffaa1f6a000 	C:\WINDOWS\SYSTEM32\VERSION.dll
0x00007ffaa0210000 - 0x00007ffaa0244000 	C:\WINDOWS\SYSTEM32\WINMM.dll
0x00007ffaa8ab0000 - 0x00007ffaa8ac8000 	C:\WINDOWS\SYSTEM32\kernel.appcore.dll
0x00007ffaa35e0000 - 0x00007ffaa35ea000 	c:\Users\alyca\.vscode\extensions\redhat.java-1.18.0-win32-x64\jre\17.0.7-win32-x86_64\bin\jimage.dll
0x00007ffaa6e30000 - 0x00007ffaa705e000 	C:\WINDOWS\SYSTEM32\DBGHELP.DLL
0x00007ffaab1f0000 - 0x00007ffaab579000 	C:\WINDOWS\System32\combase.dll
0x00007ffaac220000 - 0x00007ffaac2f7000 	C:\WINDOWS\System32\OLEAUT32.dll
0x00007ffaa3750000 - 0x00007ffaa3782000 	C:\WINDOWS\SYSTEM32\dbgcore.DLL
0x00007ffaa9f80000 - 0x00007ffaa9ffb000 	C:\WINDOWS\System32\bcryptPrimitives.dll
0x00007ffa9a0e0000 - 0x00007ffa9a0ee000 	c:\Users\alyca\.vscode\extensions\redhat.java-1.18.0-win32-x64\jre\17.0.7-win32-x86_64\bin\instrument.dll
0x00007ffa78e20000 - 0x00007ffa78e45000 	c:\Users\alyca\.vscode\extensions\redhat.java-1.18.0-win32-x64\jre\17.0.7-win32-x86_64\bin\java.dll
0x00007ffa90640000 - 0x00007ffa90658000 	c:\Users\alyca\.vscode\extensions\redhat.java-1.18.0-win32-x64\jre\17.0.7-win32-x86_64\bin\zip.dll
0x00007ffaab6a0000 - 0x00007ffaabe9a000 	C:\WINDOWS\System32\SHELL32.dll
0x00007ffaa7a40000 - 0x00007ffaa830e000 	C:\WINDOWS\SYSTEM32\windows.storage.dll
0x00007ffaa7900000 - 0x00007ffaa7a3e000 	C:\WINDOWS\SYSTEM32\wintypes.dll
0x00007ffaab0d0000 - 0x00007ffaab1c1000 	C:\WINDOWS\System32\SHCORE.dll
0x00007ffaac530000 - 0x00007ffaac58e000 	C:\WINDOWS\System32\shlwapi.dll
0x00007ffaa99c0000 - 0x00007ffaa99e1000 	C:\WINDOWS\SYSTEM32\profapi.dll
0x00007ffa905a0000 - 0x00007ffa905b9000 	C:\Users\alyca\.vscode\extensions\redhat.java-1.18.0-win32-x64\jre\17.0.7-win32-x86_64\bin\net.dll
0x00007ffaa1c00000 - 0x00007ffaa1d37000 	C:\WINDOWS\SYSTEM32\WINHTTP.dll
0x00007ffaa8f30000 - 0x00007ffaa8f99000 	C:\WINDOWS\system32\mswsock.dll
0x00007ffa81660000 - 0x00007ffa81675000 	C:\Users\alyca\.vscode\extensions\redhat.java-1.18.0-win32-x64\jre\17.0.7-win32-x86_64\bin\nio.dll
0x00007ffa99c00000 - 0x00007ffa99c10000 	c:\Users\alyca\.vscode\extensions\redhat.java-1.18.0-win32-x64\jre\17.0.7-win32-x86_64\bin\verify.dll
0x00007ffa70f90000 - 0x00007ffa70fce000 	C:\Users\alyca\AppData\Roaming\Code\User\globalStorage\redhat.java\1.18.0\config_ss_win\org.eclipse.equinox.launcher\org.eclipse.equinox.launcher.win32.win32.x86_64_1.2.700.v20221108-1024\eclipse_11801.dll
0x00007ffaaae80000 - 0x00007ffaab01c000 	C:\WINDOWS\System32\ole32.dll
0x00007ffaa91c0000 - 0x00007ffaa91db000 	C:\WINDOWS\SYSTEM32\CRYPTSP.dll
0x00007ffaa8a20000 - 0x00007ffaa8a55000 	C:\WINDOWS\system32\rsaenh.dll
0x00007ffaa9050000 - 0x00007ffaa9078000 	C:\WINDOWS\SYSTEM32\USERENV.dll
0x00007ffaa93e0000 - 0x00007ffaa9408000 	C:\WINDOWS\SYSTEM32\bcrypt.dll
0x00007ffaa91b0000 - 0x00007ffaa91bc000 	C:\WINDOWS\SYSTEM32\CRYPTBASE.dll
0x00007ffaa85b0000 - 0x00007ffaa85dd000 	C:\WINDOWS\SYSTEM32\IPHLPAPI.DLL
0x00007ffaabea0000 - 0x00007ffaabea9000 	C:\WINDOWS\System32\NSI.dll
0x00007ffaa14c0000 - 0x00007ffaa14d9000 	C:\WINDOWS\SYSTEM32\dhcpcsvc6.DLL
0x00007ffaa14a0000 - 0x00007ffaa14bf000 	C:\WINDOWS\SYSTEM32\dhcpcsvc.DLL
0x00007ffaa8630000 - 0x00007ffaa8723000 	C:\WINDOWS\SYSTEM32\DNSAPI.dll
0x00007ffa6fd20000 - 0x00007ffa6fd65000 	C:\Users\alyca\AppData\Local\Temp\jna-92918412\jna2493528384279347001.dll
0x00007ffaac620000 - 0x00007ffaac628000 	C:\WINDOWS\System32\PSAPI.DLL

dbghelp: loaded successfully - version: 4.0.5 - missing functions: none
symbol engine: initialized successfully - sym options: 0x614 - pdb path: .;c:\Users\alyca\.vscode\extensions\redhat.java-1.18.0-win32-x64\jre\17.0.7-win32-x86_64\bin;C:\WINDOWS\SYSTEM32;C:\WINDOWS\WinSxS\amd64_microsoft.windows.common-controls_6595b64144ccf1df_6.0.22621.1635_none_270f70857386168e;c:\Users\alyca\.vscode\extensions\redhat.java-1.18.0-win32-x64\jre\17.0.7-win32-x86_64\bin\server;C:\Users\alyca\AppData\Roaming\Code\User\globalStorage\redhat.java\1.18.0\config_ss_win\org.eclipse.equinox.launcher\org.eclipse.equinox.launcher.win32.win32.x86_64_1.2.700.v20221108-1024;C:\Users\alyca\AppData\Local\Temp\jna-92918412

VM Arguments:
jvm_args: --add-modules=ALL-SYSTEM --add-opens=java.base/java.util=ALL-UNNAMED --add-opens=java.base/java.lang=ALL-UNNAMED --add-opens=java.base/sun.nio.fs=ALL-UNNAMED -Declipse.application=org.eclipse.jdt.ls.core.id1 -Dosgi.bundles.defaultStartLevel=4 -Declipse.product=org.eclipse.jdt.ls.core.product -Djava.import.generatesMetadataFilesAtProjectRoot=false -Dfile.encoding=utf8 -XX:+UseParallelGC -XX:GCTimeRatio=4 -XX:AdaptiveSizePolicyWeight=90 -Dsun.zip.disableMemoryMapping=true -Xmx1G -Xms100m -Xlog:disable -javaagent:c:\Users\alyca\.vscode\extensions\redhat.java-1.18.0-win32-x64\lombok\lombok-1.18.27.jar 
java_command: c:\Users\alyca\.vscode\extensions\redhat.java-1.18.0-win32-x64\server\plugins\org.eclipse.equinox.launcher_1.6.400.v20210924-0641.jar -configuration c:\Users\alyca\AppData\Roaming\Code\User\globalStorage\redhat.java\1.18.0\config_ss_win -data c:\Users\alyca\AppData\Roaming\Code\User\workspaceStorage\b90bf933d17b3ed72f750bd4ea690101\redhat.java\ss_ws
java_class_path (initial): c:\Users\alyca\.vscode\extensions\redhat.java-1.18.0-win32-x64\server\plugins\org.eclipse.equinox.launcher_1.6.400.v20210924-0641.jar
Launcher Type: SUN_STANDARD

[Global flags]
    uintx AdaptiveSizePolicyWeight                 = 90                                        {product} {command line}
     intx CICompilerCount                          = 4                                         {product} {ergonomic}
    uintx GCTimeRatio                              = 4                                         {product} {command line}
   size_t InitialHeapSize                          = 104857600                                 {product} {command line}
   size_t MaxHeapSize                              = 1073741824                                {product} {command line}
   size_t MaxNewSize                               = 357564416                                 {product} {ergonomic}
   size_t MinHeapDeltaBytes                        = 524288                                    {product} {ergonomic}
   size_t MinHeapSize                              = 104857600                                 {product} {command line}
   size_t NewSize                                  = 34603008                                  {product} {ergonomic}
    uintx NonNMethodCodeHeapSize                   = 5839372                                {pd product} {ergonomic}
    uintx NonProfiledCodeHeapSize                  = 122909434                              {pd product} {ergonomic}
   size_t OldSize                                  = 70254592                                  {product} {ergonomic}
    uintx ProfiledCodeHeapSize                     = 122909434                              {pd product} {ergonomic}
    uintx ReservedCodeCacheSize                    = 251658240                              {pd product} {ergonomic}
     bool SegmentedCodeCache                       = true                                      {product} {ergonomic}
   size_t SoftMaxHeapSize                          = 1073741824                             {manageable} {ergonomic}
     bool UseCompressedClassPointers               = true                           {product lp64_product} {ergonomic}
     bool UseCompressedOops                        = true                           {product lp64_product} {ergonomic}
     bool UseLargePagesIndividualAllocation        = false                                  {pd product} {ergonomic}
     bool UseParallelGC                            = true                                      {product} {command line}

Logging:
Log output configuration:
 #0: stdout all=off uptime,level,tags
 #1: stderr all=off uptime,level,tags

Environment Variables:
PATH=C:\ProgramData\Oracle\Java\javapath;C:\Windows\system32;C:\Windows;C:\Windows\System32\Wbem;C:\Windows\System32\WindowsPowerShell\v1.0\;C:\Windows\System32\OpenSSH\;C:\Program Files (x86)\NVIDIA Corporation\PhysX\Common;C:\Program Files\NVIDIA Corporation\NVIDIA NvDLISR;C:\WINDOWS\system32;C:\WINDOWS;C:\WINDOWS\System32\Wbem;C:\WINDOWS\System32\WindowsPowerShell\v1.0\;C:\WINDOWS\System32\OpenSSH\;C:\Program Files\nodejs\;C:\Users\alyca\AppData\Local\Microsoft\WindowsApps;;C:\Users\alyca\AppData\Local\Programs\Microsoft VS Code\bin;C:\Users\alyca\AppData\Roaming\npm
USERNAME=alyca
OS=Windows_NT
PROCESSOR_IDENTIFIER=AMD64 Family 23 Model 104 Stepping 1, AuthenticAMD
TMP=C:\Users\alyca\AppData\Local\Temp
TEMP=C:\Users\alyca\AppData\Local\Temp



---------------  S Y S T E M  ---------------

OS:
 Windows 11 , 64 bit Build 22621 (10.0.22621.1635)
OS uptime: 0 days 9:39 hours
Hyper-V role detected

CPU: total 12 (initial active 12) (12 cores per cpu, 2 threads per core) family 23 model 104 stepping 1 microcode 0x0, cx8, cmov, fxsr, ht, mmx, 3dnowpref, sse, sse2, sse3, ssse3, sse4a, sse4.1, sse4.2, popcnt, lzcnt, tsc, tscinvbit, avx, avx2, aes, clmul, bmi1, bmi2, adx, sha, fma, vzeroupper, clflush, clflushopt, hv

Memory: 4k page, system-wide physical 15706M (396M free)
TotalPageFile size 64858M (AvailPageFile size 5M)
current process WorkingSet (physical memory assigned to process): 137M, peak: 159M
current process commit charge ("private bytes"): 246M, peak: 273M

vm_info: OpenJDK 64-Bit Server VM (17.0.7+7) for windows-amd64 JRE (17.0.7+7), built on Apr 18 2023 22:10:42 by "temurin" with MS VC++ 16.7 (VS2019)

END.
