#
# There is insufficient memory for the Java Runtime Environment to continue.
# Native memory allocation (malloc) failed to allocate 2148976 bytes for Chunk::new
# Possible reasons:
#   The system is out of physical RAM or swap space
#   The process is running with CompressedOops enabled, and the Java Heap may be blocking the growth of the native heap
# Possible solutions:
#   Reduce memory load on the system
#   Increase physical memory or swap space
#   Check if swap backing store is full
#   Decrease Java heap size (-Xmx/-Xms)
#   Decrease number of Java threads
#   Decrease Java thread stack sizes (-Xss)
#   Set larger code cache with -XX:ReservedCodeCacheSize=
#   JVM is running with Unscaled Compressed Oops mode in which the Java heap is
#     placed in the first 4GB address space. The Java Heap base address is the
#     maximum limit for the native heap growth. Please use -XX:HeapBaseMinAddress
#     to set the Java Heap base and to place the Java Heap above 4GB virtual address.
# This output file may be truncated or incomplete.
#
#  Out of Memory Error (arena.cpp:189), pid=27032, tid=8172
#
# JRE version: OpenJDK Runtime Environment Temurin-17.0.7+7 (17.0.7+7) (build 17.0.7+7)
# Java VM: OpenJDK 64-Bit Server VM Temurin-17.0.7+7 (17.0.7+7, mixed mode, tiered, compressed oops, compressed class ptrs, parallel gc, windows-amd64)
# No core dump will be written. Minidumps are not enabled by default on client versions of Windows
#

---------------  S U M M A R Y ------------

Command Line: --add-modules=ALL-SYSTEM --add-opens=java.base/java.util=ALL-UNNAMED --add-opens=java.base/java.lang=ALL-UNNAMED --add-opens=java.base/sun.nio.fs=ALL-UNNAMED -Declipse.application=org.eclipse.jdt.ls.core.id1 -Dosgi.bundles.defaultStartLevel=4 -Declipse.product=org.eclipse.jdt.ls.core.product -Djava.import.generatesMetadataFilesAtProjectRoot=false -Dfile.encoding=utf8 -XX:+UseParallelGC -XX:GCTimeRatio=4 -XX:AdaptiveSizePolicyWeight=90 -Dsun.zip.disableMemoryMapping=true -Xmx1G -Xms100m -Xlog:disable -javaagent:c:\Users\alyca\.vscode\extensions\redhat.java-1.18.0-win32-x64\lombok\lombok-1.18.27.jar -XX:+HeapDumpOnOutOfMemoryError -XX:HeapDumpPath=c:\Users\alyca\AppData\Roaming\Code\User\workspaceStorage\b90bf933d17b3ed72f750bd4ea690101\redhat.java -Daether.dependencyCollector.impl=bf c:\Users\alyca\.vscode\extensions\redhat.java-1.18.0-win32-x64\server\plugins\org.eclipse.equinox.launcher_1.6.400.v20210924-0641.jar -configuration c:\Users\alyca\AppData\Roaming\Code\User\globalStorage\redhat.java\1.18.0\config_win -data c:\Users\alyca\AppData\Roaming\Code\User\workspaceStorage\b90bf933d17b3ed72f750bd4ea690101\redhat.java\jdt_ws

Host: AMD Ryzen 5 5500U with Radeon Graphics         , 12 cores, 15G,  Windows 11 , 64 bit Build 22621 (10.0.22621.1635)
Time: Wed May 24 10:47:18 2023 Malay Peninsula Standard Time elapsed time: 7.691352 seconds (0d 0h 0m 7s)

---------------  T H R E A D  ---------------

Current thread (0x0000023661e6c840):  JavaThread "C2 CompilerThread1" daemon [_thread_in_native, id=8172, stack(0x0000004c7c300000,0x0000004c7c400000)]


Current CompileTask:
C2:   7691 3549   !   4       org.eclipse.osgi.internal.loader.classpath.ClasspathManager::defineClass (636 bytes)

Stack: [0x0000004c7c300000,0x0000004c7c400000]
Native frames: (J=compiled Java code, j=interpreted, Vv=VM code, C=native code)
V  [jvm.dll+0x67754a]
V  [jvm.dll+0x834304]
V  [jvm.dll+0x835aae]
V  [jvm.dll+0x836113]
V  [jvm.dll+0x24696f]
V  [jvm.dll+0xac0ac]
V  [jvm.dll+0xac67c]
V  [jvm.dll+0x364e37]
V  [jvm.dll+0x1bcde8]
V  [jvm.dll+0x219799]
V  [jvm.dll+0x218a61]
V  [jvm.dll+0x1a4d8d]
V  [jvm.dll+0x2284da]
V  [jvm.dll+0x226615]
V  [jvm.dll+0x7ea90b]
V  [jvm.dll+0x7e4e7a]
V  [jvm.dll+0x676395]
C  [ucrtbase.dll+0x29363]
C  [KERNEL32.DLL+0x126ad]
C  [ntdll.dll+0x5a9f8]


---------------  P R O C E S S  ---------------

Threads class SMR info:
_java_thread_list=0x000002366329aa90, length=27, elements={
0x00000236466ecd70, 0x000002365f8f5030, 0x000002365f8f8390, 0x000002365a56dd30,
0x000002365a56e6f0, 0x000002365f919620, 0x000002365f91c0e0, 0x000002365f91ce70,
0x000002365f972b30, 0x000002365f990db0, 0x000002364674e730, 0x000002365fc7eae0,
0x00000236614e6710, 0x00000236614b8f60, 0x0000023661540290, 0x0000023661832660,
0x0000023661bc8040, 0x0000023661af9050, 0x0000023661da6820, 0x0000023661da4670,
0x0000023661da5010, 0x0000023661e6c840, 0x0000023661da7690, 0x0000023661da59b0,
0x0000023661da4b40, 0x0000023661da54e0, 0x0000023661da6cf0
}

Java Threads: ( => current thread )
  0x00000236466ecd70 JavaThread "main" [_thread_blocked, id=28640, stack(0x0000004c7a200000,0x0000004c7a300000)]
  0x000002365f8f5030 JavaThread "Reference Handler" daemon [_thread_blocked, id=28872, stack(0x0000004c7a500000,0x0000004c7a600000)]
  0x000002365f8f8390 JavaThread "Finalizer" daemon [_thread_blocked, id=27512, stack(0x0000004c7a600000,0x0000004c7a700000)]
  0x000002365a56dd30 JavaThread "Signal Dispatcher" daemon [_thread_blocked, id=13660, stack(0x0000004c7a700000,0x0000004c7a800000)]
  0x000002365a56e6f0 JavaThread "Attach Listener" daemon [_thread_blocked, id=9984, stack(0x0000004c7a800000,0x0000004c7a900000)]
  0x000002365f919620 JavaThread "Service Thread" daemon [_thread_blocked, id=4068, stack(0x0000004c7a900000,0x0000004c7aa00000)]
  0x000002365f91c0e0 JavaThread "Monitor Deflation Thread" daemon [_thread_blocked, id=28028, stack(0x0000004c7aa00000,0x0000004c7ab00000)]
  0x000002365f91ce70 JavaThread "C2 CompilerThread0" daemon [_thread_in_vm, id=21052, stack(0x0000004c7ab00000,0x0000004c7ac00000)]
  0x000002365f972b30 JavaThread "C1 CompilerThread0" daemon [_thread_in_vm, id=23604, stack(0x0000004c7ac00000,0x0000004c7ad00000)]
  0x000002365f990db0 JavaThread "Sweeper thread" daemon [_thread_blocked, id=5100, stack(0x0000004c7ad00000,0x0000004c7ae00000)]
  0x000002364674e730 JavaThread "Common-Cleaner" daemon [_thread_blocked, id=32068, stack(0x0000004c7ae00000,0x0000004c7af00000)]
  0x000002365fc7eae0 JavaThread "Notification Thread" daemon [_thread_blocked, id=2488, stack(0x0000004c7af00000,0x0000004c7b000000)]
  0x00000236614e6710 JavaThread "Active Thread: Equinox Container: df28fcc4-9321-4038-b483-99caeba8fc34" [_thread_blocked, id=10032, stack(0x0000004c7b700000,0x0000004c7b800000)]
  0x00000236614b8f60 JavaThread "Framework Event Dispatcher: Equinox Container: df28fcc4-9321-4038-b483-99caeba8fc34" daemon [_thread_blocked, id=29152, stack(0x0000004c7b800000,0x0000004c7b900000)]
  0x0000023661540290 JavaThread "Start Level: Equinox Container: df28fcc4-9321-4038-b483-99caeba8fc34" daemon [_thread_blocked, id=23688, stack(0x0000004c7b900000,0x0000004c7ba00000)]
  0x0000023661832660 JavaThread "SCR Component Actor" daemon [_thread_blocked, id=28712, stack(0x0000004c7ba00000,0x0000004c7bb00000)]
  0x0000023661bc8040 JavaThread "SCR Component Registry" daemon [_thread_blocked, id=18768, stack(0x0000004c7bc00000,0x0000004c7bd00000)]
  0x0000023661af9050 JavaThread "Worker-JM" [_thread_blocked, id=27160, stack(0x0000004c7be00000,0x0000004c7bf00000)]
  0x0000023661da6820 JavaThread "Worker-0: Repository registry initialization" [_thread_blocked, id=10648, stack(0x0000004c7c100000,0x0000004c7c200000)]
  0x0000023661da4670 JavaThread "Worker-1: Updating Maven Dependencies" [_thread_in_Java, id=18584, stack(0x0000004c7c200000,0x0000004c7c300000)]
  0x0000023661da5010 JavaThread "Worker-2" [_thread_blocked, id=32300, stack(0x0000004c7bd00000,0x0000004c7be00000)]
=>0x0000023661e6c840 JavaThread "C2 CompilerThread1" daemon [_thread_in_native, id=8172, stack(0x0000004c7c300000,0x0000004c7c400000)]
  0x0000023661da7690 JavaThread "Java indexing" daemon [_thread_blocked, id=14576, stack(0x0000004c7c400000,0x0000004c7c500000)]
  0x0000023661da59b0 JavaThread "Worker-3" [_thread_blocked, id=25460, stack(0x0000004c7c500000,0x0000004c7c600000)]
  0x0000023661da4b40 JavaThread "JNA Cleaner" daemon [_thread_blocked, id=13016, stack(0x0000004c7c600000,0x0000004c7c700000)]
  0x0000023661da54e0 JavaThread "pool-2-thread-1" [_thread_blocked, id=7952, stack(0x0000004c7c700000,0x0000004c7c800000)]
  0x0000023661da6cf0 JavaThread "pool-1-thread-1" [_thread_blocked, id=7900, stack(0x0000004c7c800000,0x0000004c7c900000)]

Other Threads:
  0x000002365a55f600 VMThread "VM Thread" [stack: 0x0000004c7a400000,0x0000004c7a500000] [id=13464]
  0x000002365fb98010 WatcherThread [stack: 0x0000004c7b000000,0x0000004c7b100000] [id=14328]
  0x0000023646701de0 GCTaskThread "GC Thread#0" [stack: 0x0000004c7a300000,0x0000004c7a400000] [id=12240]
  0x00000236613166c0 GCTaskThread "GC Thread#1" [stack: 0x0000004c7b100000,0x0000004c7b200000] [id=17892]
  0x000002366181c8a0 GCTaskThread "GC Thread#2" [stack: 0x0000004c7b200000,0x0000004c7b300000] [id=9744]
  0x000002366181cb50 GCTaskThread "GC Thread#3" [stack: 0x0000004c7b300000,0x0000004c7b400000] [id=10940]
  0x00000236612178b0 GCTaskThread "GC Thread#4" [stack: 0x0000004c7b400000,0x0000004c7b500000] [id=19164]
  0x0000023661818050 GCTaskThread "GC Thread#5" [stack: 0x0000004c7b500000,0x0000004c7b600000] [id=17484]
  0x0000023661818300 GCTaskThread "GC Thread#6" [stack: 0x0000004c7b600000,0x0000004c7b700000] [id=30092]
  0x0000023661be2c80 GCTaskThread "GC Thread#7" [stack: 0x0000004c7bb00000,0x0000004c7bc00000] [id=27412]
  0x0000023661b69930 GCTaskThread "GC Thread#8" [stack: 0x0000004c7bf00000,0x0000004c7c000000] [id=27752]
  0x0000023661d42c30 GCTaskThread "GC Thread#9" [stack: 0x0000004c7c000000,0x0000004c7c100000] [id=21612]

Threads with active compile tasks:
C2 CompilerThread0     7734 3559       4       java.util.WeakHashMap::remove (131 bytes)
C1 CompilerThread0     7734 3936       2       com.google.inject.internal.Scoping::makeInjectable (45 bytes)
C2 CompilerThread1     7734 3549   !   4       org.eclipse.osgi.internal.loader.classpath.ClasspathManager::defineClass (636 bytes)

VM state: not at safepoint (normal execution)

VM Mutex/Monitor currently owned by a thread: None

Heap address: 0x00000000c0000000, size: 1024 MB, Compressed Oops mode: 32-bit

CDS archive(s) not mapped
Compressed class space mapped at: 0x0000000100000000-0x0000000140000000, reserved size: 1073741824
Narrow klass base: 0x0000000000000000, Narrow klass shift: 3, Narrow klass range: 0x140000000

GC Precious Log:
 CPUs: 12 total, 12 available
 Memory: 15706M
 Large Page Support: Disabled
 NUMA Support: Disabled
 Compressed Oops: Enabled (32-bit)
 Alignments: Space 512K, Generation 512K, Heap 2M
 Heap Min Capacity: 100M
 Heap Initial Capacity: 100M
 Heap Max Capacity: 1G
 Pre-touch: Disabled
 Parallel Workers: 10

Heap:
 PSYoungGen      total 22528K, used 3229K [0x00000000eab00000, 0x00000000ec580000, 0x0000000100000000)
  eden space 22016K, 12% used [0x00000000eab00000,0x00000000eada7658,0x00000000ec080000)
  from space 512K, 100% used [0x00000000ec480000,0x00000000ec500000,0x00000000ec500000)
  to   space 2560K, 0% used [0x00000000ec080000,0x00000000ec080000,0x00000000ec300000)
 ParOldGen       total 68608K, used 14578K [0x00000000c0000000, 0x00000000c4300000, 0x00000000eab00000)
  object space 68608K, 21% used [0x00000000c0000000,0x00000000c0e3cbc8,0x00000000c4300000)
 Metaspace       used 43590K, committed 44416K, reserved 1114112K
  class space    used 4689K, committed 5056K, reserved 1048576K

Card table byte_map: [0x0000023646090000,0x00000236462a0000] _byte_map_base: 0x0000023645a90000

Marking Bits: (ParMarkBitMap*) 0x00007ffa660b52c0
 Begin Bits: [0x0000023658370000, 0x0000023659370000)
 End Bits:   [0x0000023659370000, 0x000002365a370000)

Polling page: 0x0000023644460000

Metaspace:

Usage:
  Non-class:     37.99 MB used.
      Class:      4.58 MB used.
       Both:     42.57 MB used.

Virtual space:
  Non-class space:       64.00 MB reserved,      38.44 MB ( 60%) committed,  1 nodes.
      Class space:        1.00 GB reserved,       4.94 MB ( <1%) committed,  1 nodes.
             Both:        1.06 GB reserved,      43.38 MB (  4%) committed. 

Chunk freelists:
   Non-Class:  9.03 MB
       Class:  11.09 MB
        Both:  20.12 MB

MaxMetaspaceSize: unlimited
CompressedClassSpaceSize: 1.00 GB
Initial GC threshold: 21.00 MB
Current GC threshold: 58.38 MB
CDS: off
MetaspaceReclaimPolicy: balanced
 - commit_granule_bytes: 65536.
 - commit_granule_words: 8192.
 - virtual_space_node_default_size: 8388608.
 - enlarge_chunks_in_place: 1.
 - new_chunks_are_fully_committed: 0.
 - uncommit_free_chunks: 1.
 - use_allocation_guard: 0.
 - handle_deallocations: 1.


Internal statistics:

num_allocs_failed_limit: 6.
num_arena_births: 350.
num_arena_deaths: 14.
num_vsnodes_births: 2.
num_vsnodes_deaths: 0.
num_space_committed: 694.
num_space_uncommitted: 0.
num_chunks_returned_to_freelist: 20.
num_chunks_taken_from_freelist: 1933.
num_chunk_merges: 10.
num_chunk_splits: 1210.
num_chunks_enlarged: 716.
num_inconsistent_stats: 0.

CodeHeap 'non-profiled nmethods': size=120000Kb used=1672Kb max_used=1672Kb free=118327Kb
 bounds [0x0000023650e40000, 0x00000236510b0000, 0x0000023658370000]
CodeHeap 'profiled nmethods': size=120000Kb used=7973Kb max_used=7973Kb free=112026Kb
 bounds [0x0000023649370000, 0x0000023649b40000, 0x00000236508a0000]
CodeHeap 'non-nmethods': size=5760Kb used=1264Kb max_used=1319Kb free=4495Kb
 bounds [0x00000236508a0000, 0x0000023650b10000, 0x0000023650e40000]
 total_blobs=4505 nmethods=3918 adapters=501
 compilation: enabled
              stopped_count=0, restarted_count=0
 full_count=0

Compilation events (20 events):
Event: 7.654 Thread 0x000002365f972b30 3849       3       com.google.inject.internal.AbstractProcessor::visitOther (6 bytes)
Event: 7.654 Thread 0x000002365f972b30 nmethod 3849 0x0000023649b1aa10 code [0x0000023649b1abc0, 0x0000023649b1ae18]
Event: 7.654 Thread 0x000002365f972b30 3850       3       com.google.inject.internal.Errors::<init> (23 bytes)
Event: 7.654 Thread 0x000002365f972b30 nmethod 3850 0x0000023649b1af10 code [0x0000023649b1b0a0, 0x0000023649b1b258]
Event: 7.654 Thread 0x000002365f972b30 3851       3       com.google.inject.internal.AbstractProcessor::visitOther (5 bytes)
Event: 7.654 Thread 0x000002365f972b30 nmethod 3851 0x0000023649b1b390 code [0x0000023649b1b520, 0x0000023649b1b698]
Event: 7.668 Thread 0x000002365f972b30 3852       3       java.util.logging.LogManager::getProperty (9 bytes)
Event: 7.668 Thread 0x000002365f972b30 nmethod 3852 0x0000023649b1b790 code [0x0000023649b1b940, 0x0000023649b1bb08]
Event: 7.668 Thread 0x000002365f972b30 3853       3       java.lang.invoke.DirectMethodHandle$Holder::invokeStatic (15 bytes)
Event: 7.669 Thread 0x000002365f972b30 nmethod 3853 0x0000023649b1bc10 code [0x0000023649b1bde0, 0x0000023649b1c318]
Event: 7.673 Thread 0x000002365f972b30 3855       3       java.lang.ClassLoader::checkName (37 bytes)
Event: 7.674 Thread 0x000002365f972b30 nmethod 3855 0x0000023649b1c410 code [0x0000023649b1c660, 0x0000023649b1d098]
Event: 7.675 Thread 0x000002365f972b30 3856       3       java.util.Collections$SingletonList::iterator (8 bytes)
Event: 7.675 Thread 0x000002365f972b30 nmethod 3856 0x0000023649b1d410 code [0x0000023649b1d5c0, 0x0000023649b1d858]
Event: 7.677 Thread 0x000002365f972b30 3857   !   3       com.google.common.cache.LocalCache$Segment::get (210 bytes)
Event: 7.679 Thread 0x000002365f972b30 nmethod 3857 0x0000023649b1d990 code [0x0000023649b1dd80, 0x0000023649b1f688]
Event: 7.679 Thread 0x000002365f972b30 3858       3       com.google.common.base.Equivalence::equivalent (24 bytes)
Event: 7.679 Thread 0x000002365f972b30 nmethod 3858 0x0000023649b20410 code [0x0000023649b205c0, 0x0000023649b20888]
Event: 7.679 Thread 0x000002365f972b30 3859       3       java.util.ArrayList::isClear (21 bytes)
Event: 7.679 Thread 0x000002365f972b30 nmethod 3859 0x0000023649b20910 code [0x0000023649b20aa0, 0x0000023649b20c38]

GC Heap History (20 events):
Event: 4.146 GC heap before
{Heap before GC invocations=5 (full 1):
 PSYoungGen      total 29696K, used 4073K [0x00000000eab00000, 0x00000000ecc00000, 0x0000000100000000)
  eden space 25600K, 0% used [0x00000000eab00000,0x00000000eab00000,0x00000000ec400000)
  from space 4096K, 99% used [0x00000000ec800000,0x00000000ecbfa708,0x00000000ecc00000)
  to   space 4096K, 0% used [0x00000000ec400000,0x00000000ec400000,0x00000000ec800000)
 ParOldGen       total 68608K, used 3999K [0x00000000c0000000, 0x00000000c4300000, 0x00000000eab00000)
  object space 68608K, 5% used [0x00000000c0000000,0x00000000c03e7fc8,0x00000000c4300000)
 Metaspace       used 21056K, committed 21504K, reserved 1114112K
  class space    used 2137K, committed 2368K, reserved 1048576K
}
Event: 4.183 GC heap after
{Heap after GC invocations=5 (full 1):
 PSYoungGen      total 29696K, used 0K [0x00000000eab00000, 0x00000000ecc00000, 0x0000000100000000)
  eden space 25600K, 0% used [0x00000000eab00000,0x00000000eab00000,0x00000000ec400000)
  from space 4096K, 0% used [0x00000000ec800000,0x00000000ec800000,0x00000000ecc00000)
  to   space 4096K, 0% used [0x00000000ec400000,0x00000000ec400000,0x00000000ec800000)
 ParOldGen       total 68608K, used 7872K [0x00000000c0000000, 0x00000000c4300000, 0x00000000eab00000)
  object space 68608K, 11% used [0x00000000c0000000,0x00000000c07b01e8,0x00000000c4300000)
 Metaspace       used 21043K, committed 21504K, reserved 1114112K
  class space    used 2133K, committed 2368K, reserved 1048576K
}
Event: 4.827 GC heap before
{Heap before GC invocations=6 (full 1):
 PSYoungGen      total 29696K, used 25600K [0x00000000eab00000, 0x00000000ecc00000, 0x0000000100000000)
  eden space 25600K, 100% used [0x00000000eab00000,0x00000000ec400000,0x00000000ec400000)
  from space 4096K, 0% used [0x00000000ec800000,0x00000000ec800000,0x00000000ecc00000)
  to   space 4096K, 0% used [0x00000000ec400000,0x00000000ec400000,0x00000000ec800000)
 ParOldGen       total 68608K, used 7872K [0x00000000c0000000, 0x00000000c4300000, 0x00000000eab00000)
  object space 68608K, 11% used [0x00000000c0000000,0x00000000c07b01e8,0x00000000c4300000)
 Metaspace       used 24232K, committed 24832K, reserved 1114112K
  class space    used 2513K, committed 2816K, reserved 1048576K
}
Event: 4.829 GC heap after
{Heap after GC invocations=6 (full 1):
 PSYoungGen      total 28160K, used 2582K [0x00000000eab00000, 0x00000000eca80000, 0x0000000100000000)
  eden space 25088K, 0% used [0x00000000eab00000,0x00000000eab00000,0x00000000ec380000)
  from space 3072K, 84% used [0x00000000ec400000,0x00000000ec685aa8,0x00000000ec700000)
  to   space 3584K, 0% used [0x00000000ec700000,0x00000000ec700000,0x00000000eca80000)
 ParOldGen       total 68608K, used 7880K [0x00000000c0000000, 0x00000000c4300000, 0x00000000eab00000)
  object space 68608K, 11% used [0x00000000c0000000,0x00000000c07b21e8,0x00000000c4300000)
 Metaspace       used 24232K, committed 24832K, reserved 1114112K
  class space    used 2513K, committed 2816K, reserved 1048576K
}
Event: 5.228 GC heap before
{Heap before GC invocations=7 (full 1):
 PSYoungGen      total 28160K, used 27670K [0x00000000eab00000, 0x00000000eca80000, 0x0000000100000000)
  eden space 25088K, 100% used [0x00000000eab00000,0x00000000ec380000,0x00000000ec380000)
  from space 3072K, 84% used [0x00000000ec400000,0x00000000ec685aa8,0x00000000ec700000)
  to   space 3584K, 0% used [0x00000000ec700000,0x00000000ec700000,0x00000000eca80000)
 ParOldGen       total 68608K, used 7880K [0x00000000c0000000, 0x00000000c4300000, 0x00000000eab00000)
  object space 68608K, 11% used [0x00000000c0000000,0x00000000c07b21e8,0x00000000c4300000)
 Metaspace       used 27534K, committed 28160K, reserved 1114112K
  class space    used 2746K, committed 3008K, reserved 1048576K
}
Event: 5.231 GC heap after
{Heap after GC invocations=7 (full 1):
 PSYoungGen      total 27136K, used 2550K [0x00000000eab00000, 0x00000000ec980000, 0x0000000100000000)
  eden space 24576K, 0% used [0x00000000eab00000,0x00000000eab00000,0x00000000ec300000)
  from space 2560K, 99% used [0x00000000ec700000,0x00000000ec97d948,0x00000000ec980000)
  to   space 3072K, 0% used [0x00000000ec380000,0x00000000ec380000,0x00000000ec680000)
 ParOldGen       total 68608K, used 7888K [0x00000000c0000000, 0x00000000c4300000, 0x00000000eab00000)
  object space 68608K, 11% used [0x00000000c0000000,0x00000000c07b41e8,0x00000000c4300000)
 Metaspace       used 27534K, committed 28160K, reserved 1114112K
  class space    used 2746K, committed 3008K, reserved 1048576K
}
Event: 5.578 GC heap before
{Heap before GC invocations=8 (full 1):
 PSYoungGen      total 27136K, used 27126K [0x00000000eab00000, 0x00000000ec980000, 0x0000000100000000)
  eden space 24576K, 100% used [0x00000000eab00000,0x00000000ec300000,0x00000000ec300000)
  from space 2560K, 99% used [0x00000000ec700000,0x00000000ec97d948,0x00000000ec980000)
  to   space 3072K, 0% used [0x00000000ec380000,0x00000000ec380000,0x00000000ec680000)
 ParOldGen       total 68608K, used 7888K [0x00000000c0000000, 0x00000000c4300000, 0x00000000eab00000)
  object space 68608K, 11% used [0x00000000c0000000,0x00000000c07b41e8,0x00000000c4300000)
 Metaspace       used 30466K, committed 31040K, reserved 1114112K
  class space    used 2992K, committed 3264K, reserved 1048576K
}
Event: 5.581 GC heap after
{Heap after GC invocations=8 (full 1):
 PSYoungGen      total 27136K, used 3052K [0x00000000eab00000, 0x00000000ec980000, 0x0000000100000000)
  eden space 24064K, 0% used [0x00000000eab00000,0x00000000eab00000,0x00000000ec280000)
  from space 3072K, 99% used [0x00000000ec380000,0x00000000ec67b158,0x00000000ec680000)
  to   space 3072K, 0% used [0x00000000ec680000,0x00000000ec680000,0x00000000ec980000)
 ParOldGen       total 68608K, used 7992K [0x00000000c0000000, 0x00000000c4300000, 0x00000000eab00000)
  object space 68608K, 11% used [0x00000000c0000000,0x00000000c07ce1e8,0x00000000c4300000)
 Metaspace       used 30466K, committed 31040K, reserved 1114112K
  class space    used 2992K, committed 3264K, reserved 1048576K
}
Event: 6.103 GC heap before
{Heap before GC invocations=9 (full 1):
 PSYoungGen      total 27136K, used 27116K [0x00000000eab00000, 0x00000000ec980000, 0x0000000100000000)
  eden space 24064K, 100% used [0x00000000eab00000,0x00000000ec280000,0x00000000ec280000)
  from space 3072K, 99% used [0x00000000ec380000,0x00000000ec67b158,0x00000000ec680000)
  to   space 3072K, 0% used [0x00000000ec680000,0x00000000ec680000,0x00000000ec980000)
 ParOldGen       total 68608K, used 7992K [0x00000000c0000000, 0x00000000c4300000, 0x00000000eab00000)
  object space 68608K, 11% used [0x00000000c0000000,0x00000000c07ce1e8,0x00000000c4300000)
 Metaspace       used 34637K, committed 35328K, reserved 1114112K
  class space    used 3517K, committed 3840K, reserved 1048576K
}
Event: 6.107 GC heap after
{Heap after GC invocations=9 (full 1):
 PSYoungGen      total 26624K, used 3063K [0x00000000eab00000, 0x00000000ecb00000, 0x0000000100000000)
  eden space 23552K, 0% used [0x00000000eab00000,0x00000000eab00000,0x00000000ec200000)
  from space 3072K, 99% used [0x00000000ec680000,0x00000000ec97df08,0x00000000ec980000)
  to   space 4608K, 0% used [0x00000000ec200000,0x00000000ec200000,0x00000000ec680000)
 ParOldGen       total 68608K, used 8880K [0x00000000c0000000, 0x00000000c4300000, 0x00000000eab00000)
  object space 68608K, 12% used [0x00000000c0000000,0x00000000c08ac0a0,0x00000000c4300000)
 Metaspace       used 34637K, committed 35328K, reserved 1114112K
  class space    used 3517K, committed 3840K, reserved 1048576K
}
Event: 6.166 GC heap before
{Heap before GC invocations=10 (full 1):
 PSYoungGen      total 26624K, used 6779K [0x00000000eab00000, 0x00000000ecb00000, 0x0000000100000000)
  eden space 23552K, 15% used [0x00000000eab00000,0x00000000eaea0e10,0x00000000ec200000)
  from space 3072K, 99% used [0x00000000ec680000,0x00000000ec97df08,0x00000000ec980000)
  to   space 4608K, 0% used [0x00000000ec200000,0x00000000ec200000,0x00000000ec680000)
 ParOldGen       total 68608K, used 8880K [0x00000000c0000000, 0x00000000c4300000, 0x00000000eab00000)
  object space 68608K, 12% used [0x00000000c0000000,0x00000000c08ac0a0,0x00000000c4300000)
 Metaspace       used 35133K, committed 35840K, reserved 1114112K
  class space    used 3598K, committed 3968K, reserved 1048576K
}
Event: 6.171 GC heap after
{Heap after GC invocations=10 (full 1):
 PSYoungGen      total 25088K, used 1219K [0x00000000eab00000, 0x00000000ec700000, 0x0000000100000000)
  eden space 23552K, 0% used [0x00000000eab00000,0x00000000eab00000,0x00000000ec200000)
  from space 1536K, 79% used [0x00000000ec200000,0x00000000ec330c08,0x00000000ec380000)
  to   space 2560K, 0% used [0x00000000ec480000,0x00000000ec480000,0x00000000ec700000)
 ParOldGen       total 68608K, used 10998K [0x00000000c0000000, 0x00000000c4300000, 0x00000000eab00000)
  object space 68608K, 16% used [0x00000000c0000000,0x00000000c0abd828,0x00000000c4300000)
 Metaspace       used 35133K, committed 35840K, reserved 1114112K
  class space    used 3598K, committed 3968K, reserved 1048576K
}
Event: 6.171 GC heap before
{Heap before GC invocations=11 (full 2):
 PSYoungGen      total 25088K, used 1219K [0x00000000eab00000, 0x00000000ec700000, 0x0000000100000000)
  eden space 23552K, 0% used [0x00000000eab00000,0x00000000eab00000,0x00000000ec200000)
  from space 1536K, 79% used [0x00000000ec200000,0x00000000ec330c08,0x00000000ec380000)
  to   space 2560K, 0% used [0x00000000ec480000,0x00000000ec480000,0x00000000ec700000)
 ParOldGen       total 68608K, used 10998K [0x00000000c0000000, 0x00000000c4300000, 0x00000000eab00000)
  object space 68608K, 16% used [0x00000000c0000000,0x00000000c0abd828,0x00000000c4300000)
 Metaspace       used 35133K, committed 35840K, reserved 1114112K
  class space    used 3598K, committed 3968K, reserved 1048576K
}
Event: 6.202 GC heap after
{Heap after GC invocations=11 (full 2):
 PSYoungGen      total 25088K, used 0K [0x00000000eab00000, 0x00000000ec700000, 0x0000000100000000)
  eden space 23552K, 0% used [0x00000000eab00000,0x00000000eab00000,0x00000000ec200000)
  from space 1536K, 0% used [0x00000000ec200000,0x00000000ec200000,0x00000000ec380000)
  to   space 2560K, 0% used [0x00000000ec480000,0x00000000ec480000,0x00000000ec700000)
 ParOldGen       total 68608K, used 11880K [0x00000000c0000000, 0x00000000c4300000, 0x00000000eab00000)
  object space 68608K, 17% used [0x00000000c0000000,0x00000000c0b9a140,0x00000000c4300000)
 Metaspace       used 35133K, committed 35840K, reserved 1114112K
  class space    used 3598K, committed 3968K, reserved 1048576K
}
Event: 6.641 GC heap before
{Heap before GC invocations=12 (full 2):
 PSYoungGen      total 25088K, used 23552K [0x00000000eab00000, 0x00000000ec700000, 0x0000000100000000)
  eden space 23552K, 100% used [0x00000000eab00000,0x00000000ec200000,0x00000000ec200000)
  from space 1536K, 0% used [0x00000000ec200000,0x00000000ec200000,0x00000000ec380000)
  to   space 2560K, 0% used [0x00000000ec480000,0x00000000ec480000,0x00000000ec700000)
 ParOldGen       total 68608K, used 11880K [0x00000000c0000000, 0x00000000c4300000, 0x00000000eab00000)
  object space 68608K, 17% used [0x00000000c0000000,0x00000000c0b9a140,0x00000000c4300000)
 Metaspace       used 37525K, committed 38336K, reserved 1114112K
  class space    used 3910K, committed 4288K, reserved 1048576K
}
Event: 6.645 GC heap after
{Heap after GC invocations=12 (full 2):
 PSYoungGen      total 24576K, used 1331K [0x00000000eab00000, 0x00000000ec600000, 0x0000000100000000)
  eden space 23040K, 0% used [0x00000000eab00000,0x00000000eab00000,0x00000000ec180000)
  from space 1536K, 86% used [0x00000000ec480000,0x00000000ec5cce08,0x00000000ec600000)
  to   space 1536K, 0% used [0x00000000ec300000,0x00000000ec300000,0x00000000ec480000)
 ParOldGen       total 68608K, used 11888K [0x00000000c0000000, 0x00000000c4300000, 0x00000000eab00000)
  object space 68608K, 17% used [0x00000000c0000000,0x00000000c0b9c140,0x00000000c4300000)
 Metaspace       used 37525K, committed 38336K, reserved 1114112K
  class space    used 3910K, committed 4288K, reserved 1048576K
}
Event: 6.999 GC heap before
{Heap before GC invocations=13 (full 2):
 PSYoungGen      total 24576K, used 24371K [0x00000000eab00000, 0x00000000ec600000, 0x0000000100000000)
  eden space 23040K, 100% used [0x00000000eab00000,0x00000000ec180000,0x00000000ec180000)
  from space 1536K, 86% used [0x00000000ec480000,0x00000000ec5cce08,0x00000000ec600000)
  to   space 1536K, 0% used [0x00000000ec300000,0x00000000ec300000,0x00000000ec480000)
 ParOldGen       total 68608K, used 11888K [0x00000000c0000000, 0x00000000c4300000, 0x00000000eab00000)
  object space 68608K, 17% used [0x00000000c0000000,0x00000000c0b9c140,0x00000000c4300000)
 Metaspace       used 40240K, committed 41024K, reserved 1114112K
  class space    used 4265K, committed 4608K, reserved 1048576K
}
Event: 7.002 GC heap after
{Heap after GC invocations=13 (full 2):
 PSYoungGen      total 24064K, used 1056K [0x00000000eab00000, 0x00000000ec500000, 0x0000000100000000)
  eden space 22528K, 0% used [0x00000000eab00000,0x00000000eab00000,0x00000000ec100000)
  from space 1536K, 68% used [0x00000000ec300000,0x00000000ec408000,0x00000000ec480000)
  to   space 512K, 0% used [0x00000000ec480000,0x00000000ec480000,0x00000000ec500000)
 ParOldGen       total 68608K, used 13040K [0x00000000c0000000, 0x00000000c4300000, 0x00000000eab00000)
  object space 68608K, 19% used [0x00000000c0000000,0x00000000c0cbc120,0x00000000c4300000)
 Metaspace       used 40240K, committed 41024K, reserved 1114112K
  class space    used 4265K, committed 4608K, reserved 1048576K
}
Event: 7.651 GC heap before
{Heap before GC invocations=14 (full 2):
 PSYoungGen      total 24064K, used 23584K [0x00000000eab00000, 0x00000000ec500000, 0x0000000100000000)
  eden space 22528K, 100% used [0x00000000eab00000,0x00000000ec100000,0x00000000ec100000)
  from space 1536K, 68% used [0x00000000ec300000,0x00000000ec408000,0x00000000ec480000)
  to   space 512K, 0% used [0x00000000ec480000,0x00000000ec480000,0x00000000ec500000)
 ParOldGen       total 68608K, used 13040K [0x00000000c0000000, 0x00000000c4300000, 0x00000000eab00000)
  object space 68608K, 19% used [0x00000000c0000000,0x00000000c0cbc120,0x00000000c4300000)
 Metaspace       used 43278K, committed 44096K, reserved 1114112K
  class space    used 4648K, committed 4992K, reserved 1048576K
}
Event: 7.653 GC heap after
{Heap after GC invocations=14 (full 2):
 PSYoungGen      total 22528K, used 512K [0x00000000eab00000, 0x00000000ec580000, 0x0000000100000000)
  eden space 22016K, 0% used [0x00000000eab00000,0x00000000eab00000,0x00000000ec080000)
  from space 512K, 100% used [0x00000000ec480000,0x00000000ec500000,0x00000000ec500000)
  to   space 2560K, 0% used [0x00000000ec080000,0x00000000ec080000,0x00000000ec300000)
 ParOldGen       total 68608K, used 14578K [0x00000000c0000000, 0x00000000c4300000, 0x00000000eab00000)
  object space 68608K, 21% used [0x00000000c0000000,0x00000000c0e3cbc8,0x00000000c4300000)
 Metaspace       used 43278K, committed 44096K, reserved 1114112K
  class space    used 4648K, committed 4992K, reserved 1048576K
}

Dll operation events (10 events):
Event: 0.028 Loaded shared library c:\Users\alyca\.vscode\extensions\redhat.java-1.18.0-win32-x64\jre\17.0.7-win32-x86_64\bin\java.dll
Event: 0.429 Loaded shared library c:\Users\alyca\.vscode\extensions\redhat.java-1.18.0-win32-x64\jre\17.0.7-win32-x86_64\bin\zip.dll
Event: 0.436 Loaded shared library C:\Users\alyca\.vscode\extensions\redhat.java-1.18.0-win32-x64\jre\17.0.7-win32-x86_64\bin\instrument.dll
Event: 0.467 Loaded shared library C:\Users\alyca\.vscode\extensions\redhat.java-1.18.0-win32-x64\jre\17.0.7-win32-x86_64\bin\net.dll
Event: 0.471 Loaded shared library C:\Users\alyca\.vscode\extensions\redhat.java-1.18.0-win32-x64\jre\17.0.7-win32-x86_64\bin\nio.dll
Event: 0.485 Loaded shared library C:\Users\alyca\.vscode\extensions\redhat.java-1.18.0-win32-x64\jre\17.0.7-win32-x86_64\bin\zip.dll
Event: 0.515 Loaded shared library C:\Users\alyca\.vscode\extensions\redhat.java-1.18.0-win32-x64\jre\17.0.7-win32-x86_64\bin\jimage.dll
Event: 0.641 Loaded shared library c:\Users\alyca\.vscode\extensions\redhat.java-1.18.0-win32-x64\jre\17.0.7-win32-x86_64\bin\verify.dll
Event: 2.676 Loaded shared library C:\Users\alyca\AppData\Roaming\Code\User\globalStorage\redhat.java\1.18.0\config_win\org.eclipse.equinox.launcher\org.eclipse.equinox.launcher.win32.win32.x86_64_1.2.700.v20221108-1024\eclipse_11801.dll
Event: 6.094 Loaded shared library C:\Users\alyca\AppData\Local\Temp\jna-92918412\jna179105473312833825.dll

Deoptimization events (20 events):
Event: 7.598 Thread 0x0000023661da4670 Uncommon trap: trap_request=0xffffff45 fr.pc=0x0000023650f7105c relative=0x000000000000059c
Event: 7.598 Thread 0x0000023661da4670 Uncommon trap: reason=unstable_if action=reinterpret pc=0x0000023650f7105c method=java.util.TreeMap.put(Ljava/lang/Object;Ljava/lang/Object;Z)Ljava/lang/Object; @ 27 c2
Event: 7.598 Thread 0x0000023661da4670 DEOPT PACKING pc=0x0000023650f7105c sp=0x0000004c7c2fdb60
Event: 7.598 Thread 0x0000023661da4670 DEOPT UNPACKING pc=0x00000236508f66a3 sp=0x0000004c7c2fda78 mode 2
Event: 7.598 Thread 0x0000023661da4670 Uncommon trap: trap_request=0xffffff45 fr.pc=0x0000023650f6cdd8 relative=0x0000000000000598
Event: 7.598 Thread 0x0000023661da4670 Uncommon trap: reason=unstable_if action=reinterpret pc=0x0000023650f6cdd8 method=java.util.TreeMap.put(Ljava/lang/Object;Ljava/lang/Object;Z)Ljava/lang/Object; @ 27 c2
Event: 7.598 Thread 0x0000023661da4670 DEOPT PACKING pc=0x0000023650f6cdd8 sp=0x0000004c7c2fdae0
Event: 7.598 Thread 0x0000023661da4670 DEOPT UNPACKING pc=0x00000236508f66a3 sp=0x0000004c7c2fda80 mode 2
Event: 7.632 Thread 0x0000023661da4670 Uncommon trap: trap_request=0xffffff45 fr.pc=0x0000023650ef961c relative=0x000000000000017c
Event: 7.632 Thread 0x0000023661da4670 Uncommon trap: reason=unstable_if action=reinterpret pc=0x0000023650ef961c method=java.lang.ClassLoader.checkName(Ljava/lang/String;)Z @ 1 c2
Event: 7.632 Thread 0x0000023661da4670 DEOPT PACKING pc=0x0000023650ef961c sp=0x0000004c7c2fd8f0
Event: 7.632 Thread 0x0000023661da4670 DEOPT UNPACKING pc=0x00000236508f66a3 sp=0x0000004c7c2fd888 mode 2
Event: 7.632 Thread 0x0000023661da4670 Uncommon trap: trap_request=0xffffff45 fr.pc=0x0000023650eb3400 relative=0x00000000000013e0
Event: 7.632 Thread 0x0000023661da4670 Uncommon trap: reason=unstable_if action=reinterpret pc=0x0000023650eb3400 method=lombok.patcher.ScriptManager$OurClassFileTransformer.transform(Ljava/lang/ClassLoader;Ljava/lang/String;Ljava/lang/Class;Ljava/security/ProtectionDomain;[B)[B @ 1 c2
Event: 7.632 Thread 0x0000023661da4670 DEOPT PACKING pc=0x0000023650eb3400 sp=0x0000004c7c2fc390
Event: 7.632 Thread 0x0000023661da4670 DEOPT UNPACKING pc=0x00000236508f66a3 sp=0x0000004c7c2fc318 mode 2
Event: 7.634 Thread 0x0000023661da4670 Uncommon trap: trap_request=0xffffff45 fr.pc=0x0000023650e5c538 relative=0x0000000000000038
Event: 7.634 Thread 0x0000023661da4670 Uncommon trap: reason=unstable_if action=reinterpret pc=0x0000023650e5c538 method=java.lang.StringLatin1.canEncode(I)Z @ 4 c2
Event: 7.634 Thread 0x0000023661da4670 DEOPT PACKING pc=0x0000023650e5c538 sp=0x0000004c7c2fda40
Event: 7.635 Thread 0x0000023661da4670 DEOPT UNPACKING pc=0x00000236508f66a3 sp=0x0000004c7c2fd9d0 mode 2

Classes unloaded (7 events):
Event: 4.151 Thread 0x000002365a55f600 Unloading class 0x000000010021c400 'java/lang/invoke/LambdaForm$MH+0x000000010021c400'
Event: 4.151 Thread 0x000002365a55f600 Unloading class 0x000000010021c000 'java/lang/invoke/LambdaForm$MH+0x000000010021c000'
Event: 4.151 Thread 0x000002365a55f600 Unloading class 0x000000010021bc00 'java/lang/invoke/LambdaForm$MH+0x000000010021bc00'
Event: 4.151 Thread 0x000002365a55f600 Unloading class 0x000000010021b800 'java/lang/invoke/LambdaForm$MH+0x000000010021b800'
Event: 4.151 Thread 0x000002365a55f600 Unloading class 0x000000010021b000 'java/lang/invoke/LambdaForm$BMH+0x000000010021b000'
Event: 4.151 Thread 0x000002365a55f600 Unloading class 0x000000010021ac00 'java/lang/invoke/LambdaForm$DMH+0x000000010021ac00'
Event: 4.151 Thread 0x000002365a55f600 Unloading class 0x0000000100218000 'java/lang/invoke/LambdaForm$DMH+0x0000000100218000'

Classes redefined (0 events):
No events

Internal exceptions (20 events):
Event: 6.082 Thread 0x0000023661da4670 Exception <a 'java/lang/NoSuchMethodError'{0x00000000ec1ada00}: 'int java.lang.invoke.DirectMethodHandle$Holder.invokeSpecialIFC(java.lang.Object, java.lang.Object, java.lang.Object, java.lang.Object, java.lang.Object)'> (0x00000000ec1ada00) 
thrown [s\src\hotspot\share\interpreter\linkResolver.cpp, line 759]
Event: 6.149 Thread 0x0000023661540290 Exception <a 'java/lang/UnsatisfiedLinkError'{0x00000000ead8f270}: The specified procedure could not be found.
> (0x00000000ead8f270) 
thrown [s\src\hotspot\share\prims\jni.cpp, line 535]
Event: 6.159 Thread 0x0000023661540290 Exception <a 'java/io/FileNotFoundException'{0x00000000eadfb6f8}> (0x00000000eadfb6f8) 
thrown [s\src\hotspot\share\prims\jni.cpp, line 516]
Event: 6.216 Thread 0x0000023661540290 Exception <a 'java/io/FileNotFoundException'{0x00000000eab84f80}> (0x00000000eab84f80) 
thrown [s\src\hotspot\share\prims\jni.cpp, line 516]
Event: 6.233 Thread 0x0000023661540290 Exception <a 'java/lang/UnsatisfiedLinkError'{0x00000000eac8cd60}: The specified procedure could not be found.
> (0x00000000eac8cd60) 
thrown [s\src\hotspot\share\prims\jni.cpp, line 535]
Event: 6.262 Thread 0x00000236466ecd70 Exception <a 'sun/nio/fs/WindowsException'{0x00000000eadf9c10}> (0x00000000eadf9c10) 
thrown [s\src\hotspot\share\prims\jni.cpp, line 516]
Event: 6.340 Thread 0x00000236466ecd70 Exception <a 'java/lang/NoSuchMethodError'{0x00000000eb239760}: 'java.lang.Object java.lang.invoke.DirectMethodHandle$Holder.invokeStatic(java.lang.Object, java.lang.Object, long, java.lang.Object)'> (0x00000000eb239760) 
thrown [s\src\hotspot\share\interpreter\linkResolver.cpp, line 759]
Event: 6.341 Thread 0x00000236466ecd70 Exception <a 'java/lang/NoSuchMethodError'{0x00000000eb23d1f8}: 'java.lang.Object java.lang.invoke.DirectMethodHandle$Holder.invokeStaticInit(java.lang.Object, java.lang.Object, long, java.lang.Object)'> (0x00000000eb23d1f8) 
thrown [s\src\hotspot\share\interpreter\linkResolver.cpp, line 759]
Event: 6.342 Thread 0x00000236466ecd70 Exception <a 'java/lang/NoSuchMethodError'{0x00000000eb243808}: 'java.lang.Object java.lang.invoke.DirectMethodHandle$Holder.newInvokeSpecial(java.lang.Object, java.lang.Object, long)'> (0x00000000eb243808) 
thrown [s\src\hotspot\share\interpreter\linkResolver.cpp, line 759]
Event: 6.343 Thread 0x00000236466ecd70 Exception <a 'java/lang/NoSuchMethodError'{0x00000000eb2475c8}: 'java.lang.Object java.lang.invoke.Invokers$Holder.linkToTargetMethod(java.lang.Object, long, java.lang.Object)'> (0x00000000eb2475c8) 
thrown [s\src\hotspot\share\interpreter\linkResolver.cpp, line 759]
Event: 6.350 Thread 0x0000023661da4670 Exception <a 'java/lang/NoClassDefFoundError'{0x00000000eb276530}: javax/enterprise/inject/Typed> (0x00000000eb276530) 
thrown [s\src\hotspot\share\classfile\systemDictionary.cpp, line 245]
Event: 6.787 Thread 0x00000236466ecd70 Exception <a 'java/lang/NoSuchMethodError'{0x00000000eb41d510}: 'void java.lang.invoke.DirectMethodHandle$Holder.invokeSpecial(java.lang.Object, java.lang.Object, java.lang.Object, java.lang.Object, java.lang.Object, java.lang.Object)'> (0x00000000eb41d510) 
thrown [s\src\hotspot\share\interpreter\linkResolver.cpp, line 759]
Event: 6.790 Thread 0x00000236466ecd70 Exception <a 'java/lang/IncompatibleClassChangeError'{0x00000000eb426138}: Found class java.lang.Object, but interface was expected> (0x00000000eb426138) 
thrown [s\src\hotspot\share\interpreter\linkResolver.cpp, line 826]
Event: 6.998 Thread 0x0000023661da6cf0 Exception <a 'java/io/FileNotFoundException'{0x00000000ec161b10}> (0x00000000ec161b10) 
thrown [s\src\hotspot\share\prims\jni.cpp, line 516]
Event: 7.587 Thread 0x0000023661da4670 Exception <a 'java/lang/NoSuchMethodError'{0x00000000ebefe8b0}: 'void java.lang.invoke.DirectMethodHandle$Holder.invokeStaticInit(java.lang.Object, java.lang.Object, java.lang.Object)'> (0x00000000ebefe8b0) 
thrown [s\src\hotspot\share\interpreter\linkResolver.cpp, line 759]
Event: 7.593 Thread 0x0000023661da4670 Exception <a 'java/lang/ExceptionInInitializerError'{0x00000000ebf2f920}> (0x00000000ebf2f920) 
thrown [s\src\hotspot\share\oops\instanceKlass.cpp, line 1218]
Event: 7.632 Thread 0x0000023661da4670 Implicit null exception at 0x0000023650ef94af to 0x0000023650ef960c
Event: 7.632 Thread 0x0000023661da4670 Implicit null exception at 0x0000023650eb2069 to 0x0000023650eb33e0
Event: 7.636 Thread 0x0000023661da4670 Exception <a 'java/lang/NoSuchMethodError'{0x00000000ec07b3e0}: 'java.lang.Object java.lang.invoke.Invokers$Holder.invokeExact_MT(java.lang.Object, int, java.lang.Object)'> (0x00000000ec07b3e0) 
thrown [s\src\hotspot\share\interpreter\linkResolver.cpp, line 759]
Event: 7.648 Thread 0x0000023661da4670 Exception <a 'java/lang/NoSuchMethodError'{0x00000000ec0df8d8}: 'int java.lang.invoke.DirectMethodHandle$Holder.invokeSpecial(java.lang.Object, java.lang.Object, java.lang.Object, java.lang.Object)'> (0x00000000ec0df8d8) 
thrown [s\src\hotspot\share\interpreter\linkResolver.cpp, line 759]

VM Operations (20 events):
Event: 6.102 Executing VM operation: ParallelGCFailedAllocation
Event: 6.107 Executing VM operation: ParallelGCFailedAllocation done
Event: 6.121 Executing VM operation: HandshakeAllThreads
Event: 6.121 Executing VM operation: HandshakeAllThreads done
Event: 6.166 Executing VM operation: CollectForMetadataAllocation
Event: 6.202 Executing VM operation: CollectForMetadataAllocation done
Event: 6.308 Executing VM operation: HandshakeAllThreads
Event: 6.308 Executing VM operation: HandshakeAllThreads done
Event: 6.308 Executing VM operation: HandshakeAllThreads
Event: 6.308 Executing VM operation: HandshakeAllThreads done
Event: 6.641 Executing VM operation: ParallelGCFailedAllocation
Event: 6.645 Executing VM operation: ParallelGCFailedAllocation done
Event: 6.999 Executing VM operation: ParallelGCFailedAllocation
Event: 7.002 Executing VM operation: ParallelGCFailedAllocation done
Event: 7.064 Executing VM operation: HandshakeAllThreads
Event: 7.064 Executing VM operation: HandshakeAllThreads done
Event: 7.184 Executing VM operation: HandshakeAllThreads
Event: 7.184 Executing VM operation: HandshakeAllThreads done
Event: 7.651 Executing VM operation: ParallelGCFailedAllocation
Event: 7.653 Executing VM operation: ParallelGCFailedAllocation done

Events (20 events):
Event: 7.197 loading class sun/reflect/generics/tree/VoidDescriptor
Event: 7.198 loading class sun/reflect/generics/tree/VoidDescriptor done
Event: 7.372 loading class java/lang/InheritableThreadLocal
Event: 7.372 loading class java/lang/InheritableThreadLocal done
Event: 7.392 loading class java/nio/channels/SocketChannel
Event: 7.392 loading class java/nio/channels/NetworkChannel
Event: 7.392 loading class java/nio/channels/NetworkChannel done
Event: 7.392 loading class java/nio/channels/spi/AbstractSelectableChannel
Event: 7.393 loading class java/nio/channels/spi/AbstractSelectableChannel done
Event: 7.393 loading class java/nio/channels/SocketChannel done
Event: 7.394 loading class java/nio/channels/ServerSocketChannel
Event: 7.394 loading class java/nio/channels/ServerSocketChannel done
Event: 7.396 loading class javax/net/ssl/SSLSocketFactory
Event: 7.397 loading class javax/net/SocketFactory
Event: 7.397 loading class javax/net/SocketFactory done
Event: 7.397 loading class javax/net/ssl/SSLSocketFactory done
Event: 7.592 loading class java/lang/ExceptionInInitializerError
Event: 7.592 loading class java/lang/ExceptionInInitializerError done
Event: 7.634 loading class java/util/function/ToIntFunction
Event: 7.634 loading class java/util/function/ToIntFunction done


Dynamic libraries:
0x00007ff7fb7c0000 - 0x00007ff7fb7ce000 	c:\Users\alyca\.vscode\extensions\redhat.java-1.18.0-win32-x64\jre\17.0.7-win32-x86_64\bin\java.exe
0x00007ffaac670000 - 0x00007ffaac884000 	C:\WINDOWS\SYSTEM32\ntdll.dll
0x00007ffaaad20000 - 0x00007ffaaade2000 	C:\WINDOWS\System32\KERNEL32.DLL
0x00007ffaa9b60000 - 0x00007ffaa9f03000 	C:\WINDOWS\System32\KERNELBASE.dll
0x00007ffaaa350000 - 0x00007ffaaa461000 	C:\WINDOWS\System32\ucrtbase.dll
0x00007ffa92fd0000 - 0x00007ffa92fe7000 	c:\Users\alyca\.vscode\extensions\redhat.java-1.18.0-win32-x64\jre\17.0.7-win32-x86_64\bin\jli.dll
0x00007ffaac380000 - 0x00007ffaac52b000 	C:\WINDOWS\System32\USER32.dll
0x00007ffa92ac0000 - 0x00007ffa92ad9000 	c:\Users\alyca\.vscode\extensions\redhat.java-1.18.0-win32-x64\jre\17.0.7-win32-x86_64\bin\VCRUNTIME140.dll
0x00007ffaa9b30000 - 0x00007ffaa9b56000 	C:\WINDOWS\System32\win32u.dll
0x00007ffaac5f0000 - 0x00007ffaac619000 	C:\WINDOWS\System32\GDI32.dll
0x00007ffaaa000000 - 0x00007ffaaa118000 	C:\WINDOWS\System32\gdi32full.dll
0x00007ffa925e0000 - 0x00007ffa9286e000 	C:\WINDOWS\WinSxS\amd64_microsoft.windows.common-controls_6595b64144ccf1df_6.0.22621.1635_none_270f70857386168e\COMCTL32.dll
0x00007ffaa9a90000 - 0x00007ffaa9b2a000 	C:\WINDOWS\System32\msvcp_win.dll
0x00007ffaabf50000 - 0x00007ffaabff7000 	C:\WINDOWS\System32\msvcrt.dll
0x00007ffaabf10000 - 0x00007ffaabf41000 	C:\WINDOWS\System32\IMM32.DLL
0x00007ffaa57b0000 - 0x00007ffaa57bc000 	c:\Users\alyca\.vscode\extensions\redhat.java-1.18.0-win32-x64\jre\17.0.7-win32-x86_64\bin\vcruntime140_1.dll
0x00007ffa6e890000 - 0x00007ffa6e921000 	c:\Users\alyca\.vscode\extensions\redhat.java-1.18.0-win32-x64\jre\17.0.7-win32-x86_64\bin\msvcp140.dll
0x00007ffa65530000 - 0x00007ffa66178000 	c:\Users\alyca\.vscode\extensions\redhat.java-1.18.0-win32-x64\jre\17.0.7-win32-x86_64\bin\server\jvm.dll
0x00007ffaaa630000 - 0x00007ffaaa6de000 	C:\WINDOWS\System32\ADVAPI32.dll
0x00007ffaac050000 - 0x00007ffaac0f4000 	C:\WINDOWS\System32\sechost.dll
0x00007ffaaabe0000 - 0x00007ffaaacf7000 	C:\WINDOWS\System32\RPCRT4.dll
0x00007ffa99420000 - 0x00007ffa99429000 	C:\WINDOWS\SYSTEM32\WSOCK32.dll
0x00007ffaaa6e0000 - 0x00007ffaaa751000 	C:\WINDOWS\System32\WS2_32.dll
0x00007ffaa1f60000 - 0x00007ffaa1f6a000 	C:\WINDOWS\SYSTEM32\VERSION.dll
0x00007ffaa0210000 - 0x00007ffaa0244000 	C:\WINDOWS\SYSTEM32\WINMM.dll
0x00007ffaa8ab0000 - 0x00007ffaa8ac8000 	C:\WINDOWS\SYSTEM32\kernel.appcore.dll
0x00007ffaa35e0000 - 0x00007ffaa35ea000 	c:\Users\alyca\.vscode\extensions\redhat.java-1.18.0-win32-x64\jre\17.0.7-win32-x86_64\bin\jimage.dll
0x00007ffaa6e30000 - 0x00007ffaa705e000 	C:\WINDOWS\SYSTEM32\DBGHELP.DLL
0x00007ffaab1f0000 - 0x00007ffaab579000 	C:\WINDOWS\System32\combase.dll
0x00007ffaac220000 - 0x00007ffaac2f7000 	C:\WINDOWS\System32\OLEAUT32.dll
0x00007ffaa3750000 - 0x00007ffaa3782000 	C:\WINDOWS\SYSTEM32\dbgcore.DLL
0x00007ffaa9f80000 - 0x00007ffaa9ffb000 	C:\WINDOWS\System32\bcryptPrimitives.dll
0x00007ffa9a0e0000 - 0x00007ffa9a0ee000 	c:\Users\alyca\.vscode\extensions\redhat.java-1.18.0-win32-x64\jre\17.0.7-win32-x86_64\bin\instrument.dll
0x00007ffa78e20000 - 0x00007ffa78e45000 	c:\Users\alyca\.vscode\extensions\redhat.java-1.18.0-win32-x64\jre\17.0.7-win32-x86_64\bin\java.dll
0x00007ffa90640000 - 0x00007ffa90658000 	c:\Users\alyca\.vscode\extensions\redhat.java-1.18.0-win32-x64\jre\17.0.7-win32-x86_64\bin\zip.dll
0x00007ffaab6a0000 - 0x00007ffaabe9a000 	C:\WINDOWS\System32\SHELL32.dll
0x00007ffaa7a40000 - 0x00007ffaa830e000 	C:\WINDOWS\SYSTEM32\windows.storage.dll
0x00007ffaa7900000 - 0x00007ffaa7a3e000 	C:\WINDOWS\SYSTEM32\wintypes.dll
0x00007ffaab0d0000 - 0x00007ffaab1c1000 	C:\WINDOWS\System32\SHCORE.dll
0x00007ffaac530000 - 0x00007ffaac58e000 	C:\WINDOWS\System32\shlwapi.dll
0x00007ffaa99c0000 - 0x00007ffaa99e1000 	C:\WINDOWS\SYSTEM32\profapi.dll
0x00007ffa905a0000 - 0x00007ffa905b9000 	C:\Users\alyca\.vscode\extensions\redhat.java-1.18.0-win32-x64\jre\17.0.7-win32-x86_64\bin\net.dll
0x00007ffaa1c00000 - 0x00007ffaa1d37000 	C:\WINDOWS\SYSTEM32\WINHTTP.dll
0x00007ffaa8f30000 - 0x00007ffaa8f99000 	C:\WINDOWS\system32\mswsock.dll
0x00007ffa81660000 - 0x00007ffa81675000 	C:\Users\alyca\.vscode\extensions\redhat.java-1.18.0-win32-x64\jre\17.0.7-win32-x86_64\bin\nio.dll
0x00007ffa99c00000 - 0x00007ffa99c10000 	c:\Users\alyca\.vscode\extensions\redhat.java-1.18.0-win32-x64\jre\17.0.7-win32-x86_64\bin\verify.dll
0x00007ffa70060000 - 0x00007ffa7009e000 	C:\Users\alyca\AppData\Roaming\Code\User\globalStorage\redhat.java\1.18.0\config_win\org.eclipse.equinox.launcher\org.eclipse.equinox.launcher.win32.win32.x86_64_1.2.700.v20221108-1024\eclipse_11801.dll
0x00007ffaaae80000 - 0x00007ffaab01c000 	C:\WINDOWS\System32\ole32.dll
0x00007ffaa91c0000 - 0x00007ffaa91db000 	C:\WINDOWS\SYSTEM32\CRYPTSP.dll
0x00007ffaa8a20000 - 0x00007ffaa8a55000 	C:\WINDOWS\system32\rsaenh.dll
0x00007ffaa9050000 - 0x00007ffaa9078000 	C:\WINDOWS\SYSTEM32\USERENV.dll
0x00007ffaa93e0000 - 0x00007ffaa9408000 	C:\WINDOWS\SYSTEM32\bcrypt.dll
0x00007ffaa91b0000 - 0x00007ffaa91bc000 	C:\WINDOWS\SYSTEM32\CRYPTBASE.dll
0x00007ffaa85b0000 - 0x00007ffaa85dd000 	C:\WINDOWS\SYSTEM32\IPHLPAPI.DLL
0x00007ffaabea0000 - 0x00007ffaabea9000 	C:\WINDOWS\System32\NSI.dll
0x00007ffaa14c0000 - 0x00007ffaa14d9000 	C:\WINDOWS\SYSTEM32\dhcpcsvc6.DLL
0x00007ffaa14a0000 - 0x00007ffaa14bf000 	C:\WINDOWS\SYSTEM32\dhcpcsvc.DLL
0x00007ffaa8630000 - 0x00007ffaa8723000 	C:\WINDOWS\SYSTEM32\DNSAPI.dll
0x00007ffa6f9f0000 - 0x00007ffa6fa35000 	C:\Users\alyca\AppData\Local\Temp\jna-92918412\jna179105473312833825.dll
0x00007ffaac620000 - 0x00007ffaac628000 	C:\WINDOWS\System32\PSAPI.DLL

dbghelp: loaded successfully - version: 4.0.5 - missing functions: none
symbol engine: initialized successfully - sym options: 0x614 - pdb path: .;c:\Users\alyca\.vscode\extensions\redhat.java-1.18.0-win32-x64\jre\17.0.7-win32-x86_64\bin;C:\WINDOWS\SYSTEM32;C:\WINDOWS\WinSxS\amd64_microsoft.windows.common-controls_6595b64144ccf1df_6.0.22621.1635_none_270f70857386168e;c:\Users\alyca\.vscode\extensions\redhat.java-1.18.0-win32-x64\jre\17.0.7-win32-x86_64\bin\server;C:\Users\alyca\AppData\Roaming\Code\User\globalStorage\redhat.java\1.18.0\config_win\org.eclipse.equinox.launcher\org.eclipse.equinox.launcher.win32.win32.x86_64_1.2.700.v20221108-1024;C:\Users\alyca\AppData\Local\Temp\jna-92918412

VM Arguments:
jvm_args: --add-modules=ALL-SYSTEM --add-opens=java.base/java.util=ALL-UNNAMED --add-opens=java.base/java.lang=ALL-UNNAMED --add-opens=java.base/sun.nio.fs=ALL-UNNAMED -Declipse.application=org.eclipse.jdt.ls.core.id1 -Dosgi.bundles.defaultStartLevel=4 -Declipse.product=org.eclipse.jdt.ls.core.product -Djava.import.generatesMetadataFilesAtProjectRoot=false -Dfile.encoding=utf8 -XX:+UseParallelGC -XX:GCTimeRatio=4 -XX:AdaptiveSizePolicyWeight=90 -Dsun.zip.disableMemoryMapping=true -Xmx1G -Xms100m -Xlog:disable -javaagent:c:\Users\alyca\.vscode\extensions\redhat.java-1.18.0-win32-x64\lombok\lombok-1.18.27.jar -XX:+HeapDumpOnOutOfMemoryError -XX:HeapDumpPath=c:\Users\alyca\AppData\Roaming\Code\User\workspaceStorage\b90bf933d17b3ed72f750bd4ea690101\redhat.java -Daether.dependencyCollector.impl=bf 
java_command: c:\Users\alyca\.vscode\extensions\redhat.java-1.18.0-win32-x64\server\plugins\org.eclipse.equinox.launcher_1.6.400.v20210924-0641.jar -configuration c:\Users\alyca\AppData\Roaming\Code\User\globalStorage\redhat.java\1.18.0\config_win -data c:\Users\alyca\AppData\Roaming\Code\User\workspaceStorage\b90bf933d17b3ed72f750bd4ea690101\redhat.java\jdt_ws
java_class_path (initial): c:\Users\alyca\.vscode\extensions\redhat.java-1.18.0-win32-x64\server\plugins\org.eclipse.equinox.launcher_1.6.400.v20210924-0641.jar
Launcher Type: SUN_STANDARD

[Global flags]
    uintx AdaptiveSizePolicyWeight                 = 90                                        {product} {command line}
     intx CICompilerCount                          = 4                                         {product} {ergonomic}
    uintx GCTimeRatio                              = 4                                         {product} {command line}
     bool HeapDumpOnOutOfMemoryError               = true                                   {manageable} {command line}
    ccstr HeapDumpPath                             = c:\Users\alyca\AppData\Roaming\Code\User\workspaceStorage\b90bf933d17b3ed72f750bd4ea690101\redhat.java         {manageable} {command line}
   size_t InitialHeapSize                          = 104857600                                 {product} {command line}
   size_t MaxHeapSize                              = 1073741824                                {product} {command line}
   size_t MaxNewSize                               = 357564416                                 {product} {ergonomic}
   size_t MinHeapDeltaBytes                        = 524288                                    {product} {ergonomic}
   size_t MinHeapSize                              = 104857600                                 {product} {command line}
   size_t NewSize                                  = 34603008                                  {product} {ergonomic}
    uintx NonNMethodCodeHeapSize                   = 5839372                                {pd product} {ergonomic}
    uintx NonProfiledCodeHeapSize                  = 122909434                              {pd product} {ergonomic}
   size_t OldSize                                  = 70254592                                  {product} {ergonomic}
    uintx ProfiledCodeHeapSize                     = 122909434                              {pd product} {ergonomic}
    uintx ReservedCodeCacheSize                    = 251658240                              {pd product} {ergonomic}
     bool SegmentedCodeCache                       = true                                      {product} {ergonomic}
   size_t SoftMaxHeapSize                          = 1073741824                             {manageable} {ergonomic}
     bool UseCompressedClassPointers               = true                           {product lp64_product} {ergonomic}
     bool UseCompressedOops                        = true                           {product lp64_product} {ergonomic}
     bool UseLargePagesIndividualAllocation        = false                                  {pd product} {ergonomic}
     bool UseParallelGC                            = true                                      {product} {command line}

Logging:
Log output configuration:
 #0: stdout all=off uptime,level,tags
 #1: stderr all=off uptime,level,tags

Environment Variables:
PATH=C:\ProgramData\Oracle\Java\javapath;C:\Windows\system32;C:\Windows;C:\Windows\System32\Wbem;C:\Windows\System32\WindowsPowerShell\v1.0\;C:\Windows\System32\OpenSSH\;C:\Program Files (x86)\NVIDIA Corporation\PhysX\Common;C:\Program Files\NVIDIA Corporation\NVIDIA NvDLISR;C:\WINDOWS\system32;C:\WINDOWS;C:\WINDOWS\System32\Wbem;C:\WINDOWS\System32\WindowsPowerShell\v1.0\;C:\WINDOWS\System32\OpenSSH\;C:\Program Files\nodejs\;C:\Users\alyca\AppData\Local\Microsoft\WindowsApps;;C:\Users\alyca\AppData\Local\Programs\Microsoft VS Code\bin;C:\Users\alyca\AppData\Roaming\npm
USERNAME=alyca
OS=Windows_NT
PROCESSOR_IDENTIFIER=AMD64 Family 23 Model 104 Stepping 1, AuthenticAMD
TMP=C:\Users\alyca\AppData\Local\Temp
TEMP=C:\Users\alyca\AppData\Local\Temp



---------------  S Y S T E M  ---------------

OS:
 Windows 11 , 64 bit Build 22621 (10.0.22621.1635)
OS uptime: 0 days 9:39 hours
Hyper-V role detected

CPU: total 12 (initial active 12) (12 cores per cpu, 2 threads per core) family 23 model 104 stepping 1 microcode 0x0, cx8, cmov, fxsr, ht, mmx, 3dnowpref, sse, sse2, sse3, ssse3, sse4a, sse4.1, sse4.2, popcnt, lzcnt, tsc, tscinvbit, avx, avx2, aes, clmul, bmi1, bmi2, adx, sha, fma, vzeroupper, clflush, clflushopt, hv

Memory: 4k page, system-wide physical 15706M (306M free)
TotalPageFile size 64858M (AvailPageFile size 9M)
current process WorkingSet (physical memory assigned to process): 194M, peak: 201M
current process commit charge ("private bytes"): 301M, peak: 308M

vm_info: OpenJDK 64-Bit Server VM (17.0.7+7) for windows-amd64 JRE (17.0.7+7), built on Apr 18 2023 22:10:42 by "temurin" with MS VC++ 16.7 (VS2019)

END.
